------Start of DE processing------ = [10/26/22, 7:01:14:674 CDT]
Exception = org.jboss.weld.exceptions.DeploymentException
Source = com.ibm.ws.container.service.state.internal.ApplicationStateManager
probeid = 54
Stack Dump = org.jboss.weld.exceptions.DeploymentException: WELD-001408: Unsatisfied dependencies for type MongoDatabase with qualifiers @Default
  at injection point [BackedAnnotatedField] @Inject org.callforcode.iars.application.MediaResource.db
  at org.callforcode.iars.application.MediaResource.db(MediaResource.java:0)

	at org.jboss.weld.bootstrap.Validator.validateInjectionPointForDeploymentProblems(Validator.java:378)
	at org.jboss.weld.bootstrap.Validator.validateInjectionPoint(Validator.java:290)
	at org.jboss.weld.bootstrap.Validator.validateGeneralBean(Validator.java:143)
	at org.jboss.weld.bootstrap.Validator.validateRIBean(Validator.java:164)
	at org.jboss.weld.bootstrap.Validator.validateBean(Validator.java:526)
	at org.jboss.weld.bootstrap.ConcurrentValidator$1.doWork(ConcurrentValidator.java:64)
	at org.jboss.weld.bootstrap.ConcurrentValidator$1.doWork(ConcurrentValidator.java:62)
	at org.jboss.weld.executor.IterativeWorkerTaskFactory$1.call(IterativeWorkerTaskFactory.java:62)
	at org.jboss.weld.executor.IterativeWorkerTaskFactory$1.call(IterativeWorkerTaskFactory.java:55)
	at com.ibm.ws.threading.internal.PolicyTaskFutureImpl.run(PolicyTaskFutureImpl.java:763)
	at com.ibm.ws.threading.internal.PolicyExecutorImpl.runTask(PolicyExecutorImpl.java:1170)
	at com.ibm.ws.threading.internal.PolicyExecutorImpl$GlobalPoolTask.run(PolicyExecutorImpl.java:196)
	at java.base/java.util.concurrent.ThreadPoolExecutor.runWorker(ThreadPoolExecutor.java:1128)
	at java.base/java.util.concurrent.ThreadPoolExecutor$Worker.run(ThreadPoolExecutor.java:628)
	at java.base/java.lang.Thread.run(Thread.java:829)

Dump of callerThis
Object type = com.ibm.ws.container.service.state.internal.ApplicationStateManager
  serialVersionUID = -6685368059484454124
  $$$tc$$$ = class com.ibm.websphere.ras.TraceComponent@62dba2eb
    strings[0] = "TraceComponent[com.ibm.ws.container.service.state.internal.ApplicationStateManager,class com.ibm.ws.container.service.state.internal.ApplicationStateManager,[Runtime],null,null]"
  listeners = class com.ibm.wsspi.kernel.service.utils.ConcurrentServiceReferenceSet@7c224575
    referenceName = "applicationStateListeners"
    contextRef = class java.util.concurrent.atomic.AtomicReference@b9e61e8
      serialVersionUID = "/* Could not access serialVersionUID */"
      VALUE = "/* Could not access VALUE */"
      value = "/* Could not access value */"
    elementMap = class java.util.LinkedHashMap@1fd54e1f
      serialVersionUID = "/* Could not access serialVersionUID */"
      head = "/* Could not access head */"
      tail = "/* Could not access tail */"
      accessOrder = "/* Could not access accessOrder */"
      serialVersionUID = "/* Could not access serialVersionUID */"
      DEFAULT_INITIAL_CAPACITY = "/* Could not access DEFAULT_INITIAL_CAPACITY */"
      MAXIMUM_CAPACITY = "/* Could not access MAXIMUM_CAPACITY */"
      DEFAULT_LOAD_FACTOR = "/* Could not access DEFAULT_LOAD_FACTOR */"
      TREEIFY_THRESHOLD = "/* Could not access TREEIFY_THRESHOLD */"
      UNTREEIFY_THRESHOLD = "/* Could not access UNTREEIFY_THRESHOLD */"
      MIN_TREEIFY_CAPACITY = "/* Could not access MIN_TREEIFY_CAPACITY */"
      table = "/* Could not access table */"
      entrySet = "/* Could not access entrySet */"
      size = "/* Could not access size */"
      modCount = "/* Could not access modCount */"
      threshold = "/* Could not access threshold */"
      loadFactor = "/* Could not access loadFactor */"
      keySet = "/* Could not access keySet */"
      values = "/* Could not access values */"
    elementSet = class java.util.concurrent.ConcurrentSkipListSet@1919127d
      serialVersionUID = "/* Could not access serialVersionUID */"
      m = "/* Could not access m */"
      MAX_ARRAY_SIZE = "/* Could not access MAX_ARRAY_SIZE */"
    elementSetUnsorted = false
    serialVersionUID = 756240983881166148
    $$$tc$$$ = class com.ibm.websphere.ras.TraceComponent@4979ef29
      strings[0] = "TraceComponent[com.ibm.wsspi.kernel.service.utils.ConcurrentServiceReferenceSet,class com.ibm.wsspi.kernel.service.utils.ConcurrentServiceReferenceSet,[kernelUtils],com.ibm.ws.kernel.service.utils.resources.ServiceMessages,null]"
  serialVersionUID = 2284273176985484160
  $$$tc$$$ = class com.ibm.websphere.ras.TraceComponent@7d59c7cf
    strings[0] = "TraceComponent[com.ibm.ws.container.service.state.internal.StateChangeManager,class com.ibm.ws.container.service.state.internal.StateChangeManager,[Runtime],null,null]"

Dump of objectArray[0]
Object type = com.ibm.ws.container.service.app.deploy.internal.ApplicationInfoImpl
  appName = "media-service"
  appMetaData = class com.ibm.ws.container.service.app.deploy.internal.ApplicationMetaDataImpl@77fef5c6
    j2eeName = class com.ibm.ws.container.service.metadata.internal.J2EENameImpl@5e71285e
      serialVersionUID = 7488184044073147667
      application = "media-service"
      module = null
      component = null
      string = "media-service"
      j2eeNameBytes = null
      $$$tc$$$ = class com.ibm.websphere.ras.TraceComponent@7f9684db
    serialVersionUID = -7906531148367236579
    $$$tc$$$ = class com.ibm.websphere.ras.TraceComponent@2f2492d0
      strings[0] = "TraceComponent[com.ibm.ws.container.service.app.deploy.internal.ApplicationMetaDataImpl,class com.ibm.ws.container.service.app.deploy.internal.ApplicationMetaDataImpl,[container.service],com.ibm.ws.container.service.resources.Messages,null]"
    tc = class com.ibm.websphere.ras.TraceComponent@5c83732
      strings[0] = "TraceComponent[com.ibm.ws.runtime.metadata.MetaDataImpl,class com.ibm.ws.runtime.metadata.MetaDataImpl,[Runtime],null,null]"
    NUM_STATIC_SLOTS = 4
    ID_UNINITIALIZED = -1
    id = 6
    metaDataInterface = class java.lang.Class@2cbc15e1
      ANNOTATION = "/* Could not access ANNOTATION */"
      ENUM = "/* Could not access ENUM */"
      SYNTHETIC = "/* Could not access SYNTHETIC */"
      cachedConstructor = "/* Could not access cachedConstructor */"
      newInstanceCallerCache = "/* Could not access newInstanceCallerCache */"
      name = "/* Could not access name */"
      module = "/* Could not access module */"
      packageName = "/* Could not access packageName */"
      componentType = "/* Could not access componentType */"
      allPermDomain = "/* Could not access allPermDomain */"
      reflectionData = "/* Could not access reflectionData */"
      classRedefinedCount = "/* Could not access classRedefinedCount */"
      genericInfo = "/* Could not access genericInfo */"
      EMPTY_CLASS_ARRAY = "/* Could not access EMPTY_CLASS_ARRAY */"
      serialVersionUID = "/* Could not access serialVersionUID */"
      serialPersistentFields = "/* Could not access serialPersistentFields */"
      reflectionFactory = "/* Could not access reflectionFactory */"
      enumConstants = "/* Could not access enumConstants */"
      enumConstantDirectory = "/* Could not access enumConstantDirectory */"
      annotationData = "/* Could not access annotationData */"
      annotationType = "/* Could not access annotationType */"
      classValueMap = "/* Could not access classValueMap */"
    staticSlots = class java.lang.Object[4]
      Object[0] = null
      Object[1] = class com.ibm.ws.injectionengine.osgi.internal.OSGiInjectionScopeData@762a2363
      Object[2] = null
      Object[3] = null
    dynamicSlots = class java.lang.Object[4]
      Object[0] = class com.ibm.ws.cdi.impl.weld.WebSphereCDIDeploymentImpl@4adf06a7
      Object[1] = "media-service"
      Object[2] = null
      Object[3] = null
  appContainer = class com.ibm.ws.adaptable.module.internal.AdaptableContainerImpl@6dfe04cc
    root = class com.ibm.ws.adaptable.module.internal.AdaptableContainerImpl@6dfe04cc
    rootOverlay = class com.ibm.ws.artifact.overlay.internal.DirectoryBasedOverlayContainerImpl@5896e982
      tc = class com.ibm.websphere.ras.TraceComponent@10312bb2
      base = class com.ibm.ws.artifact.loose.internal.LooseArchive@238a0812
      maskSet = class java.util.HashSet@724180b3
      cfHolder = class com.ibm.ws.artifact.overlay.internal.OverlayContainerFactoryImpl@7bb04ec9
      fileOverlayContainer = class com.ibm.ws.artifact.file.internal.FileContainer@3a65f0fb
      overlayDirectory = class java.io.File@5a79774d
      cacheDirForOverlay = class java.io.File@29403e88
      overlayNotifier = class com.ibm.ws.artifact.overlay.internal.DirectoryBasedOverlayNotifier@28aa366f
      enclosingContainer = null
      entryInEnclosingContainer = null
      nestedOverlays = class java.util.concurrent.ConcurrentHashMap@577a670b
      cacheStore = class com.ibm.ws.artifact.overlay.internal.OverlayCache@420da737
      parentOverlay = null
      isPassThroughMode = true
      serialVersionUID = -8445278173803874173
    factoryHolder = class com.ibm.ws.adaptable.module.internal.AdaptableModuleFactoryImpl@6bdc2e7c
      adapterFactoryService = class com.ibm.ws.adaptable.module.internal.AdapterFactoryServiceImpl@6b1aea73
      containerFactory = class com.ibm.ws.artifact.internal.ArtifactContainerFactoryService@1c3411e7
      overlayContainerFactory = class com.ibm.ws.artifact.overlay.internal.OverlayContainerFactoryImpl@7bb04ec9
      serialVersionUID = 4200251809856292987
      $$$tc$$$ = class com.ibm.websphere.ras.TraceComponent@7c46b6d3
    delegate = class com.ibm.ws.artifact.overlay.internal.DirectoryBasedOverlayContainerImpl@5896e982
    notifier = class com.ibm.ws.adaptable.module.internal.NotifierImpl@6b8cb604
      root = class com.ibm.ws.adaptable.module.internal.AdaptableContainerImpl@6dfe04cc
      delegateNotifier = class com.ibm.ws.artifact.overlay.internal.DirectoryBasedOverlayNotifier@28aa366f
      delegateRoot = class com.ibm.ws.artifact.overlay.internal.DirectoryBasedOverlayContainerImpl@5896e982
      listenerDelegates = class java.util.HashMap@1de12eaf
      serialVersionUID = 6839382523957017880
      $$$tc$$$ = class com.ibm.websphere.ras.TraceComponent@860c1a0
    serialVersionUID = -5950528200509051684
    $$$tc$$$ = class com.ibm.websphere.ras.TraceComponent@6df5641e
      strings[0] = "TraceComponent[com.ibm.ws.adaptable.module.internal.AdaptableContainerImpl,class com.ibm.ws.adaptable.module.internal.AdaptableContainerImpl,[archive.adaptable],null,null]"
  configHelper = class com.ibm.ws.app.manager.module.ApplicationNestedConfigHelper@f975bf0
    appInfo = class com.ibm.ws.app.manager.internal.ApplicationInstallInfo@3a8749ab
    serialVersionUID = -3174031738676705046
    $$$tc$$$ = class com.ibm.websphere.ras.TraceComponent@3ed327f
      strings[0] = "TraceComponent[com.ibm.ws.app.manager.module.ApplicationNestedConfigHelper,class com.ibm.ws.app.manager.module.ApplicationNestedConfigHelper,[applications, app.manager],null,null]"
  applicationInformation = class com.ibm.ws.app.manager.internal.ApplicationInstallInfo@3a8749ab
    _config = class com.ibm.ws.app.manager.internal.ApplicationConfig@cb311b6
      tc = class com.ibm.websphere.ras.TraceComponent@22dc79d4
      _configPid = "com.ibm.ws.app.manager_49"
      _config = class com.ibm.ws.config.admin.ConfigurationDictionary@76589d32
      _applicationManager = class com.ibm.ws.app.manager.ApplicationManager@f675336
      _location = "media-service.war"
      _type = "war"
      _name = "media-service"
      _notificationBroadcasterSupport = class javax.management.NotificationBroadcasterSupport@28f14882
      ONE_TIME_JANDEX_MSGS_DISPLAYED = true
      serialVersionUID = -2151423388299667431
    _handlerInfo = class java.util.concurrent.atomic.AtomicReference@2c9f6605
      serialVersionUID = "/* Could not access serialVersionUID */"
      VALUE = "/* Could not access VALUE */"
      value = "/* Could not access value */"
    _container = class java.util.concurrent.atomic.AtomicReference@179a9f9a
      serialVersionUID = "/* Could not access serialVersionUID */"
      VALUE = "/* Could not access VALUE */"
      value = "/* Could not access value */"
    _resolvedLocation = class java.util.concurrent.atomic.AtomicReference@5c0d7b4e
      serialVersionUID = "/* Could not access serialVersionUID */"
      VALUE = "/* Could not access VALUE */"
      value = "/* Could not access value */"
    _handler = class com.ibm.ws.app.manager.war.internal.WARApplicationHandlerImpl@48a7efd8
      futureMonitor = class com.ibm.ws.threading.internal.FutureMonitorImpl@53ae5324
      deployedAppFactory = class com.ibm.ws.app.manager.war.internal.WARDeployedAppInfoFactoryImpl@53df6324
      serialVersionUID = 4622845147410944782
      $$$tc$$$ = class com.ibm.websphere.ras.TraceComponent@19a256b8
    _ami = class java.util.concurrent.atomic.AtomicReference@1fdf1787
      serialVersionUID = "/* Could not access serialVersionUID */"
      VALUE = "/* Could not access VALUE */"
      value = "/* Could not access value */"
    _updateHandler = class com.ibm.ws.app.manager.internal.statemachine.ApplicationStateMachineImpl@5cfa3da9
      _tc = class com.ibm.websphere.ras.TraceComponent@e7b8eb6
      EMPTY_FUTURE_ARRAY = interface java.util.concurrent.Future[0]
      asmSequenceNumber = class java.util.concurrent.atomic.AtomicLong@3ff6d0c9
      _qscaCounter = class java.util.concurrent.atomic.AtomicInteger@69410783
      _failedThrowable = null
      _interruptibleLock = class com.ibm.ws.app.manager.internal.statemachine.ApplicationStateMachineImpl$2@10214d8a
      _interruptible = false
      _performingQueuedActions = true
      _queuedActions = class java.util.concurrent.ConcurrentLinkedQueue@dd875a2
      _callbackState = class java.util.concurrent.atomic.AtomicReference@6c440685
      blockAppStartingFutures = class java.util.Collections$SetFromMap@76935b9a
      waitingForAppHandlerFuture = class java.util.concurrent.atomic.AtomicReference@7e51aa1a
      waitingForExplicitStartFuture = class java.util.concurrent.atomic.AtomicReference@306aa517
      startAfterFutures = class java.util.Collections$SetFromMap@7c56edb1
      completionListener = class java.util.concurrent.atomic.AtomicReference@1075362a
      _notifyAppStopped = class java.util.concurrent.ConcurrentLinkedQueue@63075f44
      _notifyAppStarting = class java.util.concurrent.ConcurrentLinkedQueue@6a01c2e
      _notifyAppInstallCalled = class java.util.concurrent.ConcurrentLinkedQueue@4dd0422e
      _notifyAppStarted = class java.util.concurrent.ConcurrentLinkedQueue@742de9d8
      _notifyAppRemoved = class java.util.concurrent.ConcurrentLinkedQueue@2d096566
      _stateLock = class com.ibm.ws.app.manager.internal.statemachine.ApplicationStateMachineImpl$3@2b4e5d85
      _internalState = class java.util.concurrent.atomic.AtomicReference@6440bbf0
      _currentAction = class java.util.concurrent.atomic.AtomicReference@7f38fd89
      _rfa = class java.util.concurrent.atomic.AtomicReference@19fc855d
      _appInstallInfo = class java.util.concurrent.atomic.AtomicReference@40874192
      _update = class java.util.concurrent.atomic.AtomicBoolean@2179ed49
      _appConfig = class java.util.concurrent.atomic.AtomicReference@1915885a
      _nextAppConfig = class java.util.concurrent.atomic.AtomicReference@64be2048
      _appContainer = class java.util.concurrent.atomic.AtomicReference@1e4f669c
      _resolvedLocation = class java.util.concurrent.atomic.AtomicReference@70b2c3b9
      _handler = class java.util.concurrent.atomic.AtomicReference@45d0c2ad
      _asmSeqNo = 0
      _ctx = class org.eclipse.osgi.internal.framework.BundleContextImpl@4eea3105
      _locAdmin = class com.ibm.ws.kernel.service.location.internal.WsLocationAdminImpl@35e7e12a
      _futureMonitor = class com.ibm.ws.threading.internal.FutureMonitorImpl@53ae5324
      _artifactFactory = class com.ibm.ws.artifact.internal.ArtifactContainerFactoryService@1c3411e7
      _moduleFactory = class com.ibm.ws.adaptable.module.internal.AdaptableModuleFactoryImpl@6bdc2e7c
      _executorService = class com.ibm.ws.threading.internal.ExecutorServiceImpl@612451ba
      _scheduledExecutorService = class com.ibm.ws.threading.internal.ScheduledExecutorImpl@10a83656
      _asmHelper = class com.ibm.ws.app.manager.internal.ApplicationConfigurator$NamedApplication@5d90533e
      _appMonitor = class com.ibm.ws.app.manager.internal.monitor.ApplicationMonitor@8f80292
      _configurator = class com.ibm.ws.app.manager.internal.ApplicationConfigurator@4ff8971f
      enterStateCalled = class java.util.concurrent.atomic.AtomicBoolean@29c5c16
      serialVersionUID = 4458043999335554711
      serialVersionUID = -8760483717533387753
      $$$tc$$$ = class com.ibm.websphere.ras.TraceComponent@52f2dd0f
    serialVersionUID = 2630639237123415755
    $$$tc$$$ = class com.ibm.websphere.ras.TraceComponent@40abf3e9
      strings[0] = "TraceComponent[com.ibm.ws.app.manager.internal.ApplicationInstallInfo,class com.ibm.ws.app.manager.internal.ApplicationInstallInfo,[applications, app.manager],com.ibm.ws.app.manager.internal.resources.AppManagerMessages,null]"
  serialVersionUID = 5227817860647895780
  $$$tc$$$ = class com.ibm.websphere.ras.TraceComponent@107187d5
    strings[0] = "TraceComponent[com.ibm.ws.container.service.app.deploy.internal.ApplicationInfoImpl,class com.ibm.ws.container.service.app.deploy.internal.ApplicationInfoImpl,[container.service],com.ibm.ws.container.service.resources.Messages,null]"

