------Start of DE processing------ = [10/26/22, 7:01:14:709 CDT]
Exception = com.ibm.ws.container.service.state.StateChangeException
Source = com.ibm.ws.app.manager.module.internal.SimpleDeployedAppInfoBase
probeid = 548
Stack Dump = com.ibm.ws.container.service.state.StateChangeException: org.jboss.weld.exceptions.DeploymentException: WELD-001408: Unsatisfied dependencies for type MongoDatabase with qualifiers @Default
  at injection point [BackedAnnotatedField] @Inject org.callforcode.iars.application.MediaResource.db
  at org.callforcode.iars.application.MediaResource.db(MediaResource.java:0)

	at com.ibm.ws.container.service.state.internal.ApplicationStateManager.fireStarting(ApplicationStateManager.java:55)
	at com.ibm.ws.container.service.state.internal.StateChangeServiceImpl.fireApplicationStarting(StateChangeServiceImpl.java:50)
	at com.ibm.ws.app.manager.module.internal.SimpleDeployedAppInfoBase.preDeployApp(SimpleDeployedAppInfoBase.java:547)
	at com.ibm.ws.app.manager.module.internal.SimpleDeployedAppInfoBase.installApp(SimpleDeployedAppInfoBase.java:508)
	at com.ibm.ws.app.manager.module.internal.DeployedAppInfoBase.deployApp(DeployedAppInfoBase.java:349)
	at com.ibm.ws.app.manager.war.internal.WARApplicationHandlerImpl.install(WARApplicationHandlerImpl.java:65)
	at com.ibm.ws.app.manager.internal.statemachine.StartAction.execute(StartAction.java:161)
	at com.ibm.ws.app.manager.internal.statemachine.ApplicationStateMachineImpl.enterState(ApplicationStateMachineImpl.java:1357)
	at com.ibm.ws.app.manager.internal.statemachine.ApplicationStateMachineImpl.performAction(ApplicationStateMachineImpl.java:1222)
	at com.ibm.ws.app.manager.internal.statemachine.ApplicationStateMachineImpl.run(ApplicationStateMachineImpl.java:909)
	at com.ibm.ws.threading.internal.ExecutorServiceImpl$RunnableWrapper.run(ExecutorServiceImpl.java:245)
	at java.base/java.util.concurrent.ThreadPoolExecutor.runWorker(ThreadPoolExecutor.java:1128)
	at java.base/java.util.concurrent.ThreadPoolExecutor$Worker.run(ThreadPoolExecutor.java:628)
	at java.base/java.lang.Thread.run(Thread.java:829)
Caused by: org.jboss.weld.exceptions.DeploymentException: WELD-001408: Unsatisfied dependencies for type MongoDatabase with qualifiers @Default
  at injection point [BackedAnnotatedField] @Inject org.callforcode.iars.application.MediaResource.db
  at org.callforcode.iars.application.MediaResource.db(MediaResource.java:0)

	at org.jboss.weld.bootstrap.Validator.validateInjectionPointForDeploymentProblems(Validator.java:378)
	at org.jboss.weld.bootstrap.Validator.validateInjectionPoint(Validator.java:290)
	at org.jboss.weld.bootstrap.Validator.validateGeneralBean(Validator.java:143)
	at org.jboss.weld.bootstrap.Validator.validateRIBean(Validator.java:164)
	at org.jboss.weld.bootstrap.Validator.validateBean(Validator.java:526)
	at org.jboss.weld.bootstrap.ConcurrentValidator$1.doWork(ConcurrentValidator.java:64)
	at org.jboss.weld.bootstrap.ConcurrentValidator$1.doWork(ConcurrentValidator.java:62)
	at org.jboss.weld.executor.IterativeWorkerTaskFactory$1.call(IterativeWorkerTaskFactory.java:62)
	at org.jboss.weld.executor.IterativeWorkerTaskFactory$1.call(IterativeWorkerTaskFactory.java:55)
	at com.ibm.ws.threading.internal.PolicyTaskFutureImpl.run(PolicyTaskFutureImpl.java:763)
	at com.ibm.ws.threading.internal.PolicyExecutorImpl.runTask(PolicyExecutorImpl.java:1170)
	at com.ibm.ws.threading.internal.PolicyExecutorImpl$GlobalPoolTask.run(PolicyExecutorImpl.java:196)
	... 3 more

Dump of callerThis
Object type = com.ibm.ws.app.manager.war.internal.WARDeployedAppInfo
  CONTEXT_ROOT = "context-root"
  webContainerModuleInfo = class com.ibm.ws.app.manager.module.internal.SimpleDeployedAppInfoBase$WebModuleContainerInfo@2c4c6b08
    contextRoot = "/media"
    defaultContextRoot = "media-service"
    serialVersionUID = 4617657913043497664
    $$$tc$$$ = class com.ibm.websphere.ras.TraceComponent@da1cff0
      strings[0] = "TraceComponent[com.ibm.ws.app.manager.module.internal.SimpleDeployedAppInfoBase$WebModuleContainerInfo,class com.ibm.ws.app.manager.module.internal.SimpleDeployedAppInfoBase$WebModuleContainerInfo,[applications, app.manager],null,null]"
    moduleHandler = class com.ibm.ws.app.manager.web.internal.WebModuleHandlerImpl@11c39c1
      serialVersionUID = 4795602325763828210
      $$$tc$$$ = class com.ibm.websphere.ras.TraceComponent@6b040ff5
      futureMonitor = class com.ibm.ws.threading.internal.FutureMonitorImpl@53ae5324
      metaDataService = class com.ibm.ws.container.service.metadata.internal.MetaDataServiceImpl@4bd5bf44
      stateChangeService = class com.ibm.ws.container.service.state.internal.StateChangeServiceImpl@2162053a
      moduleRuntimeContainer = class com.ibm.ws.webcontainer.osgi.WebContainer@73ab7280
      firstFailure = null
      serialVersionUID = -4563697739413190872
      $$$tc$$$ = class com.ibm.websphere.ras.TraceComponent@2b943e96
    moduleMetaDataExtenders = class java.util.Collections$UnmodifiableRandomAccessList@469a9ab8
      serialVersionUID = "/* Could not access serialVersionUID */"
      serialVersionUID = "/* Could not access serialVersionUID */"
      list = "/* Could not access list */"
      serialVersionUID = "/* Could not access serialVersionUID */"
      c = "/* Could not access c */"
    nestedModuleMetaDataFactories = class java.util.Collections$UnmodifiableRandomAccessList@71903643
      serialVersionUID = "/* Could not access serialVersionUID */"
      serialVersionUID = "/* Could not access serialVersionUID */"
      list = "/* Could not access list */"
      serialVersionUID = "/* Could not access serialVersionUID */"
      c = "/* Could not access c */"
    nestedModules = null
    moduleName = "media-service"
    moduleDD = null
    moduleInfo = class com.ibm.ws.app.manager.module.internal.WebModuleInfoImpl@5c5a66c4
      contextRoot = "/media"
      isDefaultContextRootUsed = false
      defaultContextRoot = "media-service"
      serialVersionUID = -6699247856069243844
      $$$tc$$$ = class com.ibm.websphere.ras.TraceComponent@54d52071
      tc = class com.ibm.websphere.ras.TraceComponent@8503d07
      appInfo = class com.ibm.ws.container.service.app.deploy.internal.ApplicationInfoImpl@34b5fc33
      moduleName = "media-service"
      path = "media-service.war"
      moduleContainer = class com.ibm.ws.adaptable.module.internal.AdaptableContainerImpl@6dfe04cc
      altDDEntry = null
      moduleClassesContainers = class java.util.ArrayList@5bacc335
      classLoaderFactory = class com.ibm.ws.app.manager.war.internal.WARDeployedAppInfo@20a2dde9
      containerInfoType = class com.ibm.ws.container.service.app.deploy.ContainerInfo$Type@5315fe43
      classLoader = class com.ibm.ws.classloading.internal.AppClassLoader@254443bf
      moduleMetaData = class com.ibm.ws.webcontainer.osgi.metadata.WebModuleMetaDataImpl@42356fc1
      nestedModuleMetaDataTypes = null
      nestedModuleMetaDataValues = null
      serialVersionUID = 3986734351620206554
    serialVersionUID = 5122721995888983779
    $$$tc$$$ = class com.ibm.websphere.ras.TraceComponent@6b41b931
      strings[0] = "TraceComponent[com.ibm.ws.app.manager.module.internal.SimpleDeployedAppInfoBase$ModuleContainerInfoBase,class com.ibm.ws.app.manager.module.internal.SimpleDeployedAppInfoBase$ModuleContainerInfoBase,[applications, app.manager],null,null]"
    type = class com.ibm.ws.container.service.app.deploy.ContainerInfo$Type@5315fe43
      MANIFEST_CLASSPATH = class com.ibm.ws.container.service.app.deploy.ContainerInfo$Type@709791d4
      WEB_INF_CLASSES = class com.ibm.ws.container.service.app.deploy.ContainerInfo$Type@75659f4c
      WEB_INF_LIB = class com.ibm.ws.container.service.app.deploy.ContainerInfo$Type@584b8a6c
      EAR_LIB = class com.ibm.ws.container.service.app.deploy.ContainerInfo$Type@129289d7
      WEB_MODULE = class com.ibm.ws.container.service.app.deploy.ContainerInfo$Type@5315fe43
      EJB_MODULE = class com.ibm.ws.container.service.app.deploy.ContainerInfo$Type@5e47b360
      CLIENT_MODULE = class com.ibm.ws.container.service.app.deploy.ContainerInfo$Type@701d81b
      RAR_MODULE = class com.ibm.ws.container.service.app.deploy.ContainerInfo$Type@31d3a7d
      JAR_MODULE = class com.ibm.ws.container.service.app.deploy.ContainerInfo$Type@5c7c7f8
      SHARED_LIB = class com.ibm.ws.container.service.app.deploy.ContainerInfo$Type@6678b893
      $VALUES = class com.ibm.ws.container.service.app.deploy.ContainerInfo$Type[10]
      name = "/* Could not access name */"
      ordinal = "/* Could not access ordinal */"
    name = "media-service.war"
    container = class com.ibm.ws.adaptable.module.internal.AdaptableContainerImpl@6dfe04cc
      root = class com.ibm.ws.adaptable.module.internal.AdaptableContainerImpl@6dfe04cc
      rootOverlay = class com.ibm.ws.artifact.overlay.internal.DirectoryBasedOverlayContainerImpl@5896e982
      factoryHolder = class com.ibm.ws.adaptable.module.internal.AdaptableModuleFactoryImpl@6bdc2e7c
      delegate = class com.ibm.ws.artifact.overlay.internal.DirectoryBasedOverlayContainerImpl@5896e982
      notifier = class com.ibm.ws.adaptable.module.internal.NotifierImpl@6b8cb604
      serialVersionUID = -5950528200509051684
      $$$tc$$$ = class com.ibm.websphere.ras.TraceComponent@6df5641e
    moduleClassLoaderFactory = class com.ibm.ws.app.manager.war.internal.WARDeployedAppInfo@20a2dde9
    altDDEntry = null
    classesContainerInfo = class java.util.ArrayList@5bacc335
      serialVersionUID = "/* Could not access serialVersionUID */"
      DEFAULT_CAPACITY = "/* Could not access DEFAULT_CAPACITY */"
      EMPTY_ELEMENTDATA = "/* Could not access EMPTY_ELEMENTDATA */"
      DEFAULTCAPACITY_EMPTY_ELEMENTDATA = "/* Could not access DEFAULTCAPACITY_EMPTY_ELEMENTDATA */"
      elementData = "/* Could not access elementData */"
      size = "/* Could not access size */"
      MAX_ARRAY_SIZE = "/* Could not access MAX_ARRAY_SIZE */"
      modCount = "/* Could not access modCount */"
      MAX_ARRAY_SIZE = "/* Could not access MAX_ARRAY_SIZE */"
    serialVersionUID = 4636874131959542427
    $$$tc$$$ = class com.ibm.websphere.ras.TraceComponent@50dbae38
      strings[0] = "TraceComponent[com.ibm.ws.app.manager.module.internal.SimpleDeployedAppInfoBase$ExtendedContainerInfo,class com.ibm.ws.app.manager.module.internal.SimpleDeployedAppInfoBase$ExtendedContainerInfo,[applications, app.manager],null,null]"
  DYNAMIC_IMPORT_PACKAGE_LIST = class java.util.Collections$UnmodifiableRandomAccessList@6457fc2f
    serialVersionUID = "/* Could not access serialVersionUID */"
    serialVersionUID = "/* Could not access serialVersionUID */"
    list = "/* Could not access list */"
    serialVersionUID = "/* Could not access serialVersionUID */"
    c = "/* Could not access c */"
  serialVersionUID = 6176035338244935179
  $$$tc$$$ = class com.ibm.websphere.ras.TraceComponent@1bd9c29
    strings[0] = "TraceComponent[com.ibm.ws.app.manager.war.internal.WARDeployedAppInfo,class com.ibm.ws.app.manager.war.internal.WARDeployedAppInfo,[webcontainer, applications, app.manager],com.ibm.ws.app.manager.war.internal.resources.Messages,null]"
  _tc = class com.ibm.websphere.ras.TraceComponent@434957f4
    strings[0] = "TraceComponent[com.ibm.ws.app.manager.module.internal.DeployedAppInfoBase,class com.ibm.ws.app.manager.module.internal.DeployedAppInfoBase,[app.manager],com.ibm.ws.app.manager.module.internal.resources.Messages,null]"
  PERMISSION_XML = "permissions.xml"
  applicationInformation = class com.ibm.ws.app.manager.internal.ApplicationInstallInfo@3a8749ab
    _config = class com.ibm.ws.app.manager.internal.ApplicationConfig@cb311b6
      tc = class com.ibm.websphere.ras.TraceComponent@22dc79d4
      _configPid = "com.ibm.ws.app.manager_49"
      _config = class com.ibm.ws.config.admin.ConfigurationDictionary@76589d32
      _applicationManager = class com.ibm.ws.app.manager.ApplicationManager@f675336
      _location = "media-service.war"
      _type = "war"
      _name = "media-service"
      _notificationBroadcasterSupport = class javax.management.NotificationBroadcasterSupport@28f14882
      ONE_TIME_JANDEX_MSGS_DISPLAYED = true
      serialVersionUID = -2151423388299667431
    _handlerInfo = class java.util.concurrent.atomic.AtomicReference@2c9f6605
      serialVersionUID = "/* Could not access serialVersionUID */"
      VALUE = "/* Could not access VALUE */"
      value = "/* Could not access value */"
    _container = class java.util.concurrent.atomic.AtomicReference@179a9f9a
      serialVersionUID = "/* Could not access serialVersionUID */"
      VALUE = "/* Could not access VALUE */"
      value = "/* Could not access value */"
    _resolvedLocation = class java.util.concurrent.atomic.AtomicReference@5c0d7b4e
      serialVersionUID = "/* Could not access serialVersionUID */"
      VALUE = "/* Could not access VALUE */"
      value = "/* Could not access value */"
    _handler = class com.ibm.ws.app.manager.war.internal.WARApplicationHandlerImpl@48a7efd8
      futureMonitor = class com.ibm.ws.threading.internal.FutureMonitorImpl@53ae5324
      deployedAppFactory = class com.ibm.ws.app.manager.war.internal.WARDeployedAppInfoFactoryImpl@53df6324
      serialVersionUID = 4622845147410944782
      $$$tc$$$ = class com.ibm.websphere.ras.TraceComponent@19a256b8
    _ami = class java.util.concurrent.atomic.AtomicReference@1fdf1787
      serialVersionUID = "/* Could not access serialVersionUID */"
      VALUE = "/* Could not access VALUE */"
      value = "/* Could not access value */"
    _updateHandler = class com.ibm.ws.app.manager.internal.statemachine.ApplicationStateMachineImpl@5cfa3da9
      _tc = class com.ibm.websphere.ras.TraceComponent@e7b8eb6
      EMPTY_FUTURE_ARRAY = interface java.util.concurrent.Future[0]
      asmSequenceNumber = class java.util.concurrent.atomic.AtomicLong@3ff6d0c9
      _qscaCounter = class java.util.concurrent.atomic.AtomicInteger@69410783
      _failedThrowable = null
      _interruptibleLock = class com.ibm.ws.app.manager.internal.statemachine.ApplicationStateMachineImpl$2@10214d8a
      _interruptible = false
      _performingQueuedActions = true
      _queuedActions = class java.util.concurrent.ConcurrentLinkedQueue@dd875a2
      _callbackState = class java.util.concurrent.atomic.AtomicReference@6c440685
      blockAppStartingFutures = class java.util.Collections$SetFromMap@76935b9a
      waitingForAppHandlerFuture = class java.util.concurrent.atomic.AtomicReference@7e51aa1a
      waitingForExplicitStartFuture = class java.util.concurrent.atomic.AtomicReference@306aa517
      startAfterFutures = class java.util.Collections$SetFromMap@7c56edb1
      completionListener = class java.util.concurrent.atomic.AtomicReference@1075362a
      _notifyAppStopped = class java.util.concurrent.ConcurrentLinkedQueue@63075f44
      _notifyAppStarting = class java.util.concurrent.ConcurrentLinkedQueue@6a01c2e
      _notifyAppInstallCalled = class java.util.concurrent.ConcurrentLinkedQueue@4dd0422e
      _notifyAppStarted = class java.util.concurrent.ConcurrentLinkedQueue@742de9d8
      _notifyAppRemoved = class java.util.concurrent.ConcurrentLinkedQueue@2d096566
      _stateLock = class com.ibm.ws.app.manager.internal.statemachine.ApplicationStateMachineImpl$3@2b4e5d85
      _internalState = class java.util.concurrent.atomic.AtomicReference@6440bbf0
      _currentAction = class java.util.concurrent.atomic.AtomicReference@7f38fd89
      _rfa = class java.util.concurrent.atomic.AtomicReference@19fc855d
      _appInstallInfo = class java.util.concurrent.atomic.AtomicReference@40874192
      _update = class java.util.concurrent.atomic.AtomicBoolean@2179ed49
      _appConfig = class java.util.concurrent.atomic.AtomicReference@1915885a
      _nextAppConfig = class java.util.concurrent.atomic.AtomicReference@64be2048
      _appContainer = class java.util.concurrent.atomic.AtomicReference@1e4f669c
      _resolvedLocation = class java.util.concurrent.atomic.AtomicReference@70b2c3b9
      _handler = class java.util.concurrent.atomic.AtomicReference@45d0c2ad
      _asmSeqNo = 0
      _ctx = class org.eclipse.osgi.internal.framework.BundleContextImpl@4eea3105
      _locAdmin = class com.ibm.ws.kernel.service.location.internal.WsLocationAdminImpl@35e7e12a
      _futureMonitor = class com.ibm.ws.threading.internal.FutureMonitorImpl@53ae5324
      _artifactFactory = class com.ibm.ws.artifact.internal.ArtifactContainerFactoryService@1c3411e7
      _moduleFactory = class com.ibm.ws.adaptable.module.internal.AdaptableModuleFactoryImpl@6bdc2e7c
      _executorService = class com.ibm.ws.threading.internal.ExecutorServiceImpl@612451ba
      _scheduledExecutorService = class com.ibm.ws.threading.internal.ScheduledExecutorImpl@10a83656
      _asmHelper = class com.ibm.ws.app.manager.internal.ApplicationConfigurator$NamedApplication@5d90533e
      _appMonitor = class com.ibm.ws.app.manager.internal.monitor.ApplicationMonitor@8f80292
      _configurator = class com.ibm.ws.app.manager.internal.ApplicationConfigurator@4ff8971f
      enterStateCalled = class java.util.concurrent.atomic.AtomicBoolean@29c5c16
      serialVersionUID = 4458043999335554711
      serialVersionUID = -8760483717533387753
      $$$tc$$$ = class com.ibm.websphere.ras.TraceComponent@52f2dd0f
    serialVersionUID = 2630639237123415755
    $$$tc$$$ = class com.ibm.websphere.ras.TraceComponent@40abf3e9
      strings[0] = "TraceComponent[com.ibm.ws.app.manager.internal.ApplicationInstallInfo,class com.ibm.ws.app.manager.internal.ApplicationInstallInfo,[applications, app.manager],com.ibm.ws.app.manager.internal.resources.AppManagerMessages,null]"
  location = "/home/nitekon1/repos/Incident-Accuracy-Reporting-System/backend/media-service/target/liberty/wlp/usr/servers/defaultServer/apps/media-service.war.xml"
  classLoadingService = class com.ibm.ws.classloading.internal.ClassLoadingServiceImpl@a94b4e3
    tc = class com.ibm.websphere.ras.TraceComponent@35c98f43
      strings[0] = "TraceComponent[com.ibm.ws.classloading.internal.ClassLoadingServiceImpl,class com.ibm.ws.classloading.internal.ClassLoadingServiceImpl,[ClassLoadingService],com.ibm.ws.classloading.internal.resources.ClassLoadingServiceMessages,null]"
    leakDetectionMap = class java.util.concurrent.ConcurrentHashMap@6d5d9d7
      serialVersionUID = "/* Could not access serialVersionUID */"
      MAXIMUM_CAPACITY = "/* Could not access MAXIMUM_CAPACITY */"
      DEFAULT_CAPACITY = "/* Could not access DEFAULT_CAPACITY */"
      MAX_ARRAY_SIZE = "/* Could not access MAX_ARRAY_SIZE */"
      DEFAULT_CONCURRENCY_LEVEL = "/* Could not access DEFAULT_CONCURRENCY_LEVEL */"
      LOAD_FACTOR = "/* Could not access LOAD_FACTOR */"
      TREEIFY_THRESHOLD = "/* Could not access TREEIFY_THRESHOLD */"
      UNTREEIFY_THRESHOLD = "/* Could not access UNTREEIFY_THRESHOLD */"
      MIN_TREEIFY_CAPACITY = "/* Could not access MIN_TREEIFY_CAPACITY */"
      MIN_TRANSFER_STRIDE = "/* Could not access MIN_TRANSFER_STRIDE */"
      RESIZE_STAMP_BITS = "/* Could not access RESIZE_STAMP_BITS */"
      MAX_RESIZERS = "/* Could not access MAX_RESIZERS */"
      RESIZE_STAMP_SHIFT = "/* Could not access RESIZE_STAMP_SHIFT */"
      MOVED = "/* Could not access MOVED */"
      TREEBIN = "/* Could not access TREEBIN */"
      RESERVED = "/* Could not access RESERVED */"
      HASH_BITS = "/* Could not access HASH_BITS */"
      NCPU = "/* Could not access NCPU */"
      serialPersistentFields = "/* Could not access serialPersistentFields */"
      table = "/* Could not access table */"
      nextTable = "/* Could not access nextTable */"
      baseCount = "/* Could not access baseCount */"
      sizeCtl = "/* Could not access sizeCtl */"
      transferIndex = "/* Could not access transferIndex */"
      cellsBusy = "/* Could not access cellsBusy */"
      counterCells = "/* Could not access counterCells */"
      keySet = "/* Could not access keySet */"
      values = "/* Could not access values */"
      entrySet = "/* Could not access entrySet */"
      U = "/* Could not access U */"
      SIZECTL = "/* Could not access SIZECTL */"
      TRANSFERINDEX = "/* Could not access TRANSFERINDEX */"
      BASECOUNT = "/* Could not access BASECOUNT */"
      CELLSBUSY = "/* Could not access CELLSBUSY */"
      CELLVALUE = "/* Could not access CELLVALUE */"
      ABASE = "/* Could not access ABASE */"
      ASHIFT = "/* Could not access ASHIFT */"
      keySet = "/* Could not access keySet */"
      values = "/* Could not access values */"
    appClassLoaders = class java.util.Collections$SetFromMap@1c25d072
      m = "/* Could not access m */"
      s = "/* Could not access s */"
      serialVersionUID = "/* Could not access serialVersionUID */"
      MAX_ARRAY_SIZE = "/* Could not access MAX_ARRAY_SIZE */"
    TCCL_LOCK_WAIT = 15000
    REFERENCE_GENERATORS = "generators"
    tcclLockStore = class com.ibm.ws.kernel.service.util.KeyBasedLockStore@31db920e
      refQueue = class java.lang.ref.ReferenceQueue@73b47385
      lockMap = class java.util.concurrent.ConcurrentHashMap@68da1557
      lockCreator = class com.ibm.ws.classloading.internal.ClassLoadingServiceImpl$1@62a2408f
    bundleContext = class org.eclipse.osgi.internal.framework.BundleContextImpl@ddf2193
    aclStore = class com.ibm.ws.classloading.internal.util.CanonicalStore@35ea3aa9
      map = class java.util.concurrent.ConcurrentHashMap@2245401d
      q = class com.ibm.ws.classloading.internal.util.RefQueue@5af24468
      serialVersionUID = 6715157558227169968
      $$$tc$$$ = class com.ibm.websphere.ras.TraceComponent@1ab765e2
    tcclStore = class com.ibm.ws.classloading.internal.util.CanonicalStore@1d5946a2
      map = class java.util.concurrent.ConcurrentHashMap@1f25b137
      q = class com.ibm.ws.classloading.internal.util.RefQueue@5d9347a
      serialVersionUID = 6715157558227169968
      $$$tc$$$ = class com.ibm.websphere.ras.TraceComponent@1ab765e2
    digraph = class org.eclipse.equinox.internal.region.StandardRegionDigraph@2fcdb33b
      EMPTY_EDGE_SET = class java.util.Collections$UnmodifiableSet@5cf46236
      monitor = class java.lang.Object@774995cb
      regions = class java.util.HashMap@3b6b49f3
      bundleIdToRegionMapping = class org.eclipse.equinox.internal.region.StandardBundleIdToRegionMapping@316ab815
      edges = class java.util.HashMap@4e7099dc
      bundleContext = class org.eclipse.osgi.internal.framework.BundleContextImpl@1440c311
      threadLocal = class java.lang.ThreadLocal@752cba14
      subgraphTraverser = class org.eclipse.equinox.internal.region.SubgraphTraverser@14695193
      bundleCollisionHook = class org.eclipse.equinox.internal.region.hook.RegionBundleCollisionHook@7027f91b
      bundleEventHook = class org.eclipse.equinox.internal.region.hook.RegionBundleEventHook@3a5330ba
      bundleFindHook = class org.eclipse.equinox.internal.region.hook.RegionBundleFindHook@2a3fc1fe
      serviceEventHook = class org.eclipse.equinox.internal.region.hook.RegionServiceEventHook@7404e8e3
      serviceFindHook = class org.eclipse.equinox.internal.region.hook.RegionServiceFindHook@3ba43859
      resolverHookFactory = class org.eclipse.equinox.internal.region.hook.RegionResolverHookFactory@18511977
      origin = null
      originUpdateCount = -1
      updateCount = class java.util.concurrent.atomic.AtomicLong@4cb50bb2
      defaultRegion = null
    redefiner = class com.ibm.ws.classloading.internal.util.ClassRedefiner@426b0f2e
      tc = class com.ibm.websphere.ras.TraceComponent@3160e3e8
      LS = "
"
      inst = class com.sun.proxy.$Proxy3@41889ffd
      serialVersionUID = 2420101865139508526
    listener = class com.ibm.ws.classloading.internal.ClassLoadingServiceImpl$2@26304ab8
      this$0 = class com.ibm.ws.classloading.internal.ClassLoadingServiceImpl@a94b4e3
      serialVersionUID = -5816835778307299777
      $$$tc$$$ = class com.ibm.websphere.ras.TraceComponent@2e12d8b8
    classloaders = class java.util.Collections$SynchronizedMap@710b748a
      serialVersionUID = "/* Could not access serialVersionUID */"
      m = "/* Could not access m */"
      mutex = "/* Could not access mutex */"
      keySet = "/* Could not access keySet */"
      entrySet = "/* Could not access entrySet */"
      values = "/* Could not access values */"
    resourceProviders = class com.ibm.ws.classloading.internal.CompositeResourceProvider@339d45fb
      lockFactory = class java.util.concurrent.locks.ReentrantReadWriteLock@8376d5f
      providerMap = class com.ibm.ws.classloading.internal.util.MultiMap@baeea5c
      serialVersionUID = -5576435894946156347
      $$$tc$$$ = class com.ibm.websphere.ras.TraceComponent@f9f7d17
    rememberedBundles = class java.util.concurrent.ConcurrentHashMap@29953ed9
      serialVersionUID = "/* Could not access serialVersionUID */"
      MAXIMUM_CAPACITY = "/* Could not access MAXIMUM_CAPACITY */"
      DEFAULT_CAPACITY = "/* Could not access DEFAULT_CAPACITY */"
      MAX_ARRAY_SIZE = "/* Could not access MAX_ARRAY_SIZE */"
      DEFAULT_CONCURRENCY_LEVEL = "/* Could not access DEFAULT_CONCURRENCY_LEVEL */"
      LOAD_FACTOR = "/* Could not access LOAD_FACTOR */"
      TREEIFY_THRESHOLD = "/* Could not access TREEIFY_THRESHOLD */"
      UNTREEIFY_THRESHOLD = "/* Could not access UNTREEIFY_THRESHOLD */"
      MIN_TREEIFY_CAPACITY = "/* Could not access MIN_TREEIFY_CAPACITY */"
      MIN_TRANSFER_STRIDE = "/* Could not access MIN_TRANSFER_STRIDE */"
      RESIZE_STAMP_BITS = "/* Could not access RESIZE_STAMP_BITS */"
      MAX_RESIZERS = "/* Could not access MAX_RESIZERS */"
      RESIZE_STAMP_SHIFT = "/* Could not access RESIZE_STAMP_SHIFT */"
      MOVED = "/* Could not access MOVED */"
      TREEBIN = "/* Could not access TREEBIN */"
      RESERVED = "/* Could not access RESERVED */"
      HASH_BITS = "/* Could not access HASH_BITS */"
      NCPU = "/* Could not access NCPU */"
      serialPersistentFields = "/* Could not access serialPersistentFields */"
      table = "/* Could not access table */"
      nextTable = "/* Could not access nextTable */"
      baseCount = "/* Could not access baseCount */"
      sizeCtl = "/* Could not access sizeCtl */"
      transferIndex = "/* Could not access transferIndex */"
      cellsBusy = "/* Could not access cellsBusy */"
      counterCells = "/* Could not access counterCells */"
      keySet = "/* Could not access keySet */"
      values = "/* Could not access values */"
      entrySet = "/* Could not access entrySet */"
      U = "/* Could not access U */"
      SIZECTL = "/* Could not access SIZECTL */"
      TRANSFERINDEX = "/* Could not access TRANSFERINDEX */"
      BASECOUNT = "/* Could not access BASECOUNT */"
      CELLSBUSY = "/* Could not access CELLSBUSY */"
      CELLVALUE = "/* Could not access CELLVALUE */"
      ABASE = "/* Could not access ABASE */"
      ASHIFT = "/* Could not access ASHIFT */"
      keySet = "/* Could not access keySet */"
      values = "/* Could not access values */"
    collectedBundles = class java.lang.ref.ReferenceQueue@d54c4d9
      NULL = "/* Could not access NULL */"
      ENQUEUED = "/* Could not access ENQUEUED */"
      lock = "/* Could not access lock */"
      head = "/* Could not access head */"
      queueLength = "/* Could not access queueLength */"
      $assertionsDisabled = "/* Could not access $assertionsDisabled */"
    generatorRefs = class com.ibm.wsspi.kernel.service.utils.ConcurrentServiceReferenceSet@27d14edd
      referenceName = "generators"
      contextRef = class java.util.concurrent.atomic.AtomicReference@7de4179e
      elementMap = class java.util.LinkedHashMap@22c63259
      elementSet = class java.util.concurrent.ConcurrentSkipListSet@309bc110
      elementSetUnsorted = false
      serialVersionUID = 756240983881166148
      $$$tc$$$ = class com.ibm.websphere.ras.TraceComponent@4979ef29
    generatorManager = class com.ibm.ws.classloading.internal.ClassGeneratorManager@7e3a6541
      tc = class com.ibm.websphere.ras.TraceComponent@1ec753dc
      generatorRefs = class com.ibm.wsspi.kernel.service.utils.ConcurrentServiceReferenceSet@27d14edd
      serialVersionUID = 4152663586056483310
    appExtLibs = class java.util.concurrent.CopyOnWriteArrayList@7e59ffa9
      serialVersionUID = "/* Could not access serialVersionUID */"
      lock = "/* Could not access lock */"
      array = "/* Could not access array */"
    globalConfig = class com.ibm.ws.classloading.configuration.GlobalClassloadingConfiguration@55808eb7
      properties = class org.apache.felix.scr.impl.helper.ReadOnlyDictionary@56d4fddd
      serialVersionUID = 452562347104713756
      $$$tc$$$ = class com.ibm.websphere.ras.TraceComponent@5d5c5a8d
    systemTransformers = class java.util.concurrent.CopyOnWriteArrayList@788a957c
      serialVersionUID = "/* Could not access serialVersionUID */"
      lock = "/* Could not access lock */"
      array = "/* Could not access array */"
    isBeta = false
    metaInfServicesProviders = class java.util.concurrent.ConcurrentHashMap@5537e741
      serialVersionUID = "/* Could not access serialVersionUID */"
      MAXIMUM_CAPACITY = "/* Could not access MAXIMUM_CAPACITY */"
      DEFAULT_CAPACITY = "/* Could not access DEFAULT_CAPACITY */"
      MAX_ARRAY_SIZE = "/* Could not access MAX_ARRAY_SIZE */"
      DEFAULT_CONCURRENCY_LEVEL = "/* Could not access DEFAULT_CONCURRENCY_LEVEL */"
      LOAD_FACTOR = "/* Could not access LOAD_FACTOR */"
      TREEIFY_THRESHOLD = "/* Could not access TREEIFY_THRESHOLD */"
      UNTREEIFY_THRESHOLD = "/* Could not access UNTREEIFY_THRESHOLD */"
      MIN_TREEIFY_CAPACITY = "/* Could not access MIN_TREEIFY_CAPACITY */"
      MIN_TRANSFER_STRIDE = "/* Could not access MIN_TRANSFER_STRIDE */"
      RESIZE_STAMP_BITS = "/* Could not access RESIZE_STAMP_BITS */"
      MAX_RESIZERS = "/* Could not access MAX_RESIZERS */"
      RESIZE_STAMP_SHIFT = "/* Could not access RESIZE_STAMP_SHIFT */"
      MOVED = "/* Could not access MOVED */"
      TREEBIN = "/* Could not access TREEBIN */"
      RESERVED = "/* Could not access RESERVED */"
      HASH_BITS = "/* Could not access HASH_BITS */"
      NCPU = "/* Could not access NCPU */"
      serialPersistentFields = "/* Could not access serialPersistentFields */"
      table = "/* Could not access table */"
      nextTable = "/* Could not access nextTable */"
      baseCount = "/* Could not access baseCount */"
      sizeCtl = "/* Could not access sizeCtl */"
      transferIndex = "/* Could not access transferIndex */"
      cellsBusy = "/* Could not access cellsBusy */"
      counterCells = "/* Could not access counterCells */"
      keySet = "/* Could not access keySet */"
      values = "/* Could not access values */"
      entrySet = "/* Could not access entrySet */"
      U = "/* Could not access U */"
      SIZECTL = "/* Could not access SIZECTL */"
      TRANSFERINDEX = "/* Could not access TRANSFERINDEX */"
      BASECOUNT = "/* Could not access BASECOUNT */"
      CELLSBUSY = "/* Could not access CELLSBUSY */"
      CELLVALUE = "/* Could not access CELLVALUE */"
      ABASE = "/* Could not access ABASE */"
      ASHIFT = "/* Could not access ASHIFT */"
      keySet = "/* Could not access keySet */"
      values = "/* Could not access values */"
    metaInfServicesRefs = class com.ibm.wsspi.kernel.service.utils.ConcurrentServiceReferenceMap@6422eef9
      referenceName = "MetaInfServicesProvider"
      context = class org.apache.felix.scr.impl.manager.ComponentContextImpl@3bb526d4
      elementMap = class java.util.concurrent.ConcurrentHashMap@37dfc58
      serialVersionUID = 6980924785166233786
      $$$tc$$$ = class com.ibm.websphere.ras.TraceComponent@3869bd45
    protectionDomainMap = class java.util.HashMap@350621fc
      serialVersionUID = "/* Could not access serialVersionUID */"
      DEFAULT_INITIAL_CAPACITY = "/* Could not access DEFAULT_INITIAL_CAPACITY */"
      MAXIMUM_CAPACITY = "/* Could not access MAXIMUM_CAPACITY */"
      DEFAULT_LOAD_FACTOR = "/* Could not access DEFAULT_LOAD_FACTOR */"
      TREEIFY_THRESHOLD = "/* Could not access TREEIFY_THRESHOLD */"
      UNTREEIFY_THRESHOLD = "/* Could not access UNTREEIFY_THRESHOLD */"
      MIN_TREEIFY_CAPACITY = "/* Could not access MIN_TREEIFY_CAPACITY */"
      table = "/* Could not access table */"
      entrySet = "/* Could not access entrySet */"
      size = "/* Could not access size */"
      modCount = "/* Could not access modCount */"
      threshold = "/* Could not access threshold */"
      loadFactor = "/* Could not access loadFactor */"
      keySet = "/* Could not access keySet */"
      values = "/* Could not access values */"
    metadataIdentifierService = class com.ibm.ws.container.service.metadata.internal.MetaDataServiceImpl@4bd5bf44
    globalSharedLibrary = class java.util.concurrent.atomic.AtomicReference@190b6355
      serialVersionUID = "/* Could not access serialVersionUID */"
      VALUE = "/* Could not access VALUE */"
      value = "/* Could not access value */"
    serialVersionUID = 5535216092015213262
  globalSharedLibrary = class com.ibm.ws.library.internal.SharedLibraryImpl@2a4faefe
    tc = class com.ibm.websphere.ras.TraceComponent@30307e61
      strings[0] = "TraceComponent[com.ibm.ws.library.internal.SharedLibraryImpl,class com.ibm.ws.library.internal.SharedLibraryImpl,[SharedLibrary],com.ibm.ws.classloading.internal.resources.ClassLoadingServiceMessages,null]"
    EMPTY_LIBRARY_LISTENERS = interface com.ibm.wsspi.library.LibraryChangeListener[0]
    deleted = false
    libraryListenersTracker = class org.osgi.util.tracker.ServiceTracker@3febd6e0
      DEBUG = false
      context = class org.eclipse.osgi.internal.framework.BundleContextImpl@ddf2193
      filter = class org.eclipse.osgi.internal.framework.FilterImpl$And@414a60b9
      customizer = class org.osgi.util.tracker.ServiceTracker@3febd6e0
      listenerFilter = "(&(objectClass=com.ibm.wsspi.library.LibraryChangeListener)(|(library=global)(libraryRef=*com.ibm.ws.classloading.sharedlibrary_34*)))"
      trackClass = null
      trackReference = null
      tracked = class org.osgi.util.tracker.ServiceTracker$Tracked@3de621f1
      cachedReference = null
      cachedService = null
    libraryReg = class org.eclipse.osgi.internal.serviceregistry.ServiceRegistrationImpl@620d036b
      registry = class org.eclipse.osgi.internal.serviceregistry.ServiceRegistry@594740e
      context = class org.eclipse.osgi.internal.framework.BundleContextImpl@ddf2193
      bundle = class org.eclipse.osgi.internal.framework.EquinoxBundle@7c96fc48
      clazzes = class java.lang.String[1]
      service = class com.ibm.ws.library.internal.SharedLibraryImpl@2a4faefe
      reference = class org.eclipse.osgi.internal.serviceregistry.ServiceReferenceImpl@1d48002a
      contextsUsing = class java.util.ArrayList@71be5499
      properties = class java.util.Collections$UnmodifiableMap@572c6aa4
      serviceid = 375
      serviceranking = 1
      registrationLock = class java.lang.Object@55a36e91
      state = 0
      REGISTERED = 0
      UNREGISTERING = 1
      UNREGISTERED = 2
      FRAMEWORK_SET_SERVICE_PROPERTIES_COUNT = 4
      $assertionsDisabled = true
    ctx = class org.eclipse.osgi.internal.framework.BundleContextImpl@ddf2193
    classLoadingService = class com.ibm.ws.classloading.internal.ClassLoadingServiceImpl@a94b4e3
    configAdmin = class com.ibm.ws.config.admin.internal.ConfigurationAdminImpl@18a8e5bc
      tc = class com.ibm.websphere.ras.TraceComponent@2127df1b
      bundle = class org.eclipse.osgi.internal.framework.EquinoxBundle@7c96fc48
      caFactory = class com.ibm.ws.config.admin.internal.ConfigAdminServiceFactory@3bdf73a0
      serialVersionUID = -2875522750804142523
    resolvedBasePath = "/home/nitekon1/repos/Incident-Accuracy-Reporting-System/backend/media-service/target/liberty/wlp/usr/servers/defaultServer/"
    generationLock = class com.ibm.ws.library.internal.SharedLibraryImpl$1@1be07317
      this$0 = class com.ibm.ws.library.internal.SharedLibraryImpl@2a4faefe
      serialVersionUID = 2483639803450672373
      $$$tc$$$ = class com.ibm.websphere.ras.TraceComponent@2d6205e0
    currentGeneration = class com.ibm.ws.library.internal.LibraryGeneration@636cd4b2
      tc = class com.ibm.websphere.ras.TraceComponent@25a8d206
      nextInt = class java.util.concurrent.atomic.AtomicInteger@72a4a246
      libraryId = "global"
      genId = 1
      libraryProps = class java.util.Hashtable@c461632
      filesetRefs = class java.util.Collections$UnmodifiableRandomAccessList@24d15a48
      apiTypeVisibility = class java.util.RegularEnumSet@73b06a06
      files = class java.util.Collections$EmptyList@39a3d8f1
      folders = class java.util.ArrayList@3e02a289
      fileAndFolderContainers = class java.util.Collections$EmptyList@39a3d8f1
      filesets = class java.util.concurrent.ArrayBlockingQueue@2c9c4fd
      filesetListenerRegs = class java.util.concurrent.ConcurrentLinkedQueue@2ce4cdf6
      cancelled = false
      library = class com.ibm.ws.library.internal.SharedLibraryImpl@2a4faefe
      serialVersionUID = 6965220007121905717
    nextGeneration = class com.ibm.ws.library.internal.LibraryGeneration@636cd4b2
    artifactContainerFactory = class com.ibm.ws.library.internal.SharedLibraryFactory$1@25152e9
      this$0 = class com.ibm.ws.library.internal.SharedLibraryFactory@7ddcc529
      serialVersionUID = 7730244564205089330
      $$$tc$$$ = class com.ibm.websphere.ras.TraceComponent@45cc96b7
    packageExporter = class com.ibm.ws.library.internal.LibraryPackageExporter@5d8bd21a
      EXPORTER_POSTFIX = "_library_exporter"
      REGION_EXPORT_TO_LIBERTY = "liberty.library.export.to.liberty"
      REGION_EXPORT_TO_OSGI_APPS = "liberty.library.export.to.osgi.app"
      REGION_KERNEL = "org.eclipse.equinox.region.kernel"
      counter = class java.util.concurrent.atomic.AtomicLong@1ff36037
      context = class org.eclipse.osgi.internal.framework.BundleContextImpl@ddf2193
      digraph = class org.eclipse.equinox.internal.region.StandardRegionDigraph@2fcdb33b
      bundleToLibrary = class java.util.concurrent.ConcurrentHashMap@e58127b
      libraryToVisibility = class java.util.concurrent.ConcurrentHashMap@386eab44
      serialVersionUID = 8074378969667956573
      $$$tc$$$ = class com.ibm.websphere.ras.TraceComponent@78c08807
    serialVersionUID = 5714743499247904517
  sharedLibDeploymentInfo = class com.ibm.ws.app.manager.module.internal.DeployedAppInfoBase$SharedLibDeploymentInfo@1c3463cb
    locAdmin = class com.ibm.ws.kernel.service.location.internal.WsLocationAdminImpl@35e7e12a
    artifactFactory = class com.ibm.ws.artifact.internal.ArtifactContainerFactoryService@1c3411e7
    moduleFactory = class com.ibm.ws.adaptable.module.internal.AdaptableModuleFactoryImpl@6bdc2e7c
    classesContainerInfo = class java.util.ArrayList@61f59f8
      serialVersionUID = "/* Could not access serialVersionUID */"
      DEFAULT_CAPACITY = "/* Could not access DEFAULT_CAPACITY */"
      EMPTY_ELEMENTDATA = "/* Could not access EMPTY_ELEMENTDATA */"
      DEFAULTCAPACITY_EMPTY_ELEMENTDATA = "/* Could not access DEFAULTCAPACITY_EMPTY_ELEMENTDATA */"
      elementData = "/* Could not access elementData */"
      size = "/* Could not access size */"
      MAX_ARRAY_SIZE = "/* Could not access MAX_ARRAY_SIZE */"
      modCount = "/* Could not access modCount */"
      MAX_ARRAY_SIZE = "/* Could not access MAX_ARRAY_SIZE */"
    serialVersionUID = 5154735746662585226
    $$$tc$$$ = class com.ibm.websphere.ras.TraceComponent@26ed9982
      strings[0] = "TraceComponent[com.ibm.ws.app.manager.module.internal.DeployedAppInfoBase$SharedLibDeploymentInfo,class com.ibm.ws.app.manager.module.internal.DeployedAppInfoBase$SharedLibDeploymentInfo,[applications, app.manager],null,null]"
  configAdmin = class com.ibm.ws.config.admin.internal.ConfigurationAdminImpl@475942e6
    tc = class com.ibm.websphere.ras.TraceComponent@2127df1b
      strings[0] = "TraceComponent[com.ibm.ws.config.admin.internal.ConfigurationAdminImpl,class com.ibm.ws.config.admin.internal.ConfigurationAdminImpl,[config],com.ibm.ws.config.internal.resources.ConfigMessages,null]"
    bundle = class org.eclipse.osgi.internal.framework.EquinoxBundle@32908755
      equinoxContainer = class org.eclipse.osgi.internal.framework.EquinoxContainer@12960ada
      module = class org.eclipse.osgi.internal.framework.EquinoxBundle$EquinoxModule@216562e9
      monitor = class java.lang.Object@c70a2da
      context = class org.eclipse.osgi.internal.framework.BundleContextImpl@8597c71
      signedContent = null
      $SWITCH_TABLE$org$eclipse$osgi$container$Module$State = {1,2,3,4,5,6,7} /* array length = 7 */
    caFactory = class com.ibm.ws.config.admin.internal.ConfigAdminServiceFactory@3bdf73a0
      tc = class com.ibm.websphere.ras.TraceComponent@cd02f33
      configurationPermission = class org.osgi.service.cm.ConfigurationPermission@3e94d6bd
      INDEX_DICTIONARY = 0
      INDEX_LOCATION = 1
      INDEX_METATYPE_PROCESSED = 2
      INDEX_IN_OVERRIDES_FILE = 3
      INDEX_REFERENCES = 4
      INDEX_UNIQUES = 5
      bundleContext = class org.eclipse.osgi.internal.framework.BundleContextImpl@6d1c0b26
      msTracker = class com.ibm.ws.config.admin.internal.ManagedServiceTracker@1f901458
      msfTracker = class com.ibm.ws.config.admin.internal.ManagedServiceFactoryTracker@393e91e8
      pluginManager = class com.ibm.ws.config.admin.internal.PluginManager@5a0cb796
      configurationStore = class com.ibm.ws.config.admin.internal.ConfigurationStore@4235a354
      updateQueue = class com.ibm.ws.config.admin.internal.UpdateQueue@5d184d9e
      ced = class com.ibm.ws.config.admin.internal.ConfigEventDispatcher@10e42604
      idMap = class java.util.Collections$SynchronizedMap@2f6b9389
      referenceMap = class java.util.Collections$SynchronizedMap@40abba33
      variableRegistryTracker = class org.osgi.util.tracker.ServiceTracker@5f406b05
      variableRegistry = class com.ibm.ws.kernel.service.location.internal.VariableRegistryHelper@6ea5b2ef
      configurationAdminRef = class org.eclipse.osgi.internal.serviceregistry.ServiceRegistrationImpl@3219b889
      serialVersionUID = 6695202270027014725
    serialVersionUID = -2875522750804142523
  libraryConfigHelper = class com.ibm.ws.classloading.ClassLoaderConfigHelper@6845d542
    tc = class com.ibm.websphere.ras.TraceComponent@53df4ddf
      strings[0] = "TraceComponent[com.ibm.ws.classloading.ClassLoaderConfigHelper,class com.ibm.ws.classloading.ClassLoaderConfigHelper,[ClassLoadingService],com.ibm.ws.classloading.internal.resources.ClassLoadingServiceMessages,null]"
    DEFAULT_API_TYPES = class java.util.RegularEnumSet@49f1dda2
      serialVersionUID = "/* Could not access serialVersionUID */"
      elements = "/* Could not access elements */"
      serialPersistentFields = "/* Could not access serialPersistentFields */"
      elementType = "/* Could not access elementType */"
      universe = "/* Could not access universe */"
      MAX_ARRAY_SIZE = "/* Could not access MAX_ARRAY_SIZE */"
    sharedLibraries = class java.util.Collections$EmptyList@39a3d8f1
      serialVersionUID = "/* Could not access serialVersionUID */"
      modCount = "/* Could not access modCount */"
      MAX_ARRAY_SIZE = "/* Could not access MAX_ARRAY_SIZE */"
    commonLibraries = class java.util.Collections$EmptyList@39a3d8f1
    classProviders = class java.util.Collections$EmptyList@39a3d8f1
    sharedLibrariesPids = null
    commonLibrariesPids = null
    isDelegateLast = false
    apiTypes = class java.util.RegularEnumSet@49f1dda2
    classLoaderConfigProps = null
    serialVersionUID = 7643888529935916418
  isDelegateLast = false
  permissionManager = class com.ibm.ws.classloading.java2sec.PermissionManager@3faabeea
    tc = class com.ibm.websphere.ras.TraceComponent@78ce95d0
      strings[0] = "TraceComponent[com.ibm.ws.classloading.java2sec.PermissionManager,class com.ibm.ws.classloading.java2sec.PermissionManager,[Java2SecurityUtil],com.ibm.ws.classloading.internal.resources.Java2SecurityUtilMessages,null]"
    bundleContext = class org.eclipse.osgi.internal.framework.BundleContextImpl@ddf2193
      valid = true
      bundle = class org.eclipse.osgi.internal.framework.EquinoxBundle@7c96fc48
      container = class org.eclipse.osgi.internal.framework.EquinoxContainer@12960ada
      debug = class org.eclipse.osgi.internal.debug.Debug@4ac94cbd
      servicesInUse = class java.util.HashMap@30c3a804
      activator = null
      contextLock = class java.lang.Object@388e53a9
    classLoadingService = class com.ibm.ws.classloading.internal.ClassLoadingServiceImpl@a94b4e3
    DEFAULT_SERVER_RESTRICTABLE_PERMISSIONS = class java.security.Permission[4]
      Permission[0] = class java.lang.RuntimePermission@42d60122
      Permission[1] = class java.lang.RuntimePermission@242f5caa
      Permission[2] = class java.security.SecurityPermission@426bb8e3
      Permission[3] = class javax.security.auth.AuthPermission@2b498c08
    DEFAULT_CLIENT_RESTRICTABLE_PERMISSIONS = class java.security.Permission[3]
      Permission[0] = class java.lang.RuntimePermission@3f63c8c7
      Permission[1] = class java.security.SecurityPermission@717afe5c
      Permission[2] = class javax.security.auth.AuthPermission@429428b9
    isServer = true
    wsjarUrlStreamHandlerAvailable = true
    restrictablePermissions = class java.util.ArrayList@3a8c917d
      serialVersionUID = "/* Could not access serialVersionUID */"
      DEFAULT_CAPACITY = "/* Could not access DEFAULT_CAPACITY */"
      EMPTY_ELEMENTDATA = "/* Could not access EMPTY_ELEMENTDATA */"
      DEFAULTCAPACITY_EMPTY_ELEMENTDATA = "/* Could not access DEFAULTCAPACITY_EMPTY_ELEMENTDATA */"
      elementData = "/* Could not access elementData */"
      size = "/* Could not access size */"
      MAX_ARRAY_SIZE = "/* Could not access MAX_ARRAY_SIZE */"
      modCount = "/* Could not access modCount */"
      MAX_ARRAY_SIZE = "/* Could not access MAX_ARRAY_SIZE */"
    javaAllCodeBasePermissions = class java.util.ArrayList@287cbbbf
      serialVersionUID = "/* Could not access serialVersionUID */"
      DEFAULT_CAPACITY = "/* Could not access DEFAULT_CAPACITY */"
      EMPTY_ELEMENTDATA = "/* Could not access EMPTY_ELEMENTDATA */"
      DEFAULTCAPACITY_EMPTY_ELEMENTDATA = "/* Could not access DEFAULTCAPACITY_EMPTY_ELEMENTDATA */"
      elementData = "/* Could not access elementData */"
      size = "/* Could not access size */"
      MAX_ARRAY_SIZE = "/* Could not access MAX_ARRAY_SIZE */"
      modCount = "/* Could not access modCount */"
      MAX_ARRAY_SIZE = "/* Could not access MAX_ARRAY_SIZE */"
    expandProps = true
    grantedPermissions = class java.util.ArrayList@5f3729db
      serialVersionUID = "/* Could not access serialVersionUID */"
      DEFAULT_CAPACITY = "/* Could not access DEFAULT_CAPACITY */"
      EMPTY_ELEMENTDATA = "/* Could not access EMPTY_ELEMENTDATA */"
      DEFAULTCAPACITY_EMPTY_ELEMENTDATA = "/* Could not access DEFAULTCAPACITY_EMPTY_ELEMENTDATA */"
      elementData = "/* Could not access elementData */"
      size = "/* Could not access size */"
      MAX_ARRAY_SIZE = "/* Could not access MAX_ARRAY_SIZE */"
      modCount = "/* Could not access modCount */"
      MAX_ARRAY_SIZE = "/* Could not access MAX_ARRAY_SIZE */"
    KEY_PERMISSION = "permission"
    INCORRECT_PERMISSION_CONFIGURATION = "INCORRECT_PERMISSION_CONFIGURATION"
    PERMISSION_CLASSNOTFOUND = "PERMISSION_CLASSNOTFOUND"
    SERVER_XML = "server.xml"
    CLIENT_XML = "client.xml"
    JAVA_POLICY = "java.policy"
    os_name = "Linux"
    os_version = "5.14.0-70.26.1.el9_0.x86_64"
    originationFile = "server.xml"
    permissions = class com.ibm.wsspi.kernel.service.utils.ConcurrentServiceReferenceSet@333081a1
      referenceName = "permission"
      contextRef = class java.util.concurrent.atomic.AtomicReference@1d219369
      elementMap = class java.util.LinkedHashMap@c6c8dc
      elementSet = class java.util.concurrent.ConcurrentSkipListSet@5c828382
      elementSetUnsorted = false
      serialVersionUID = 756240983881166148
      $$$tc$$$ = class com.ibm.websphere.ras.TraceComponent@4979ef29
    codeBasePermissionMap = class java.util.HashMap@6d69e9c3
      serialVersionUID = "/* Could not access serialVersionUID */"
      DEFAULT_INITIAL_CAPACITY = "/* Could not access DEFAULT_INITIAL_CAPACITY */"
      MAXIMUM_CAPACITY = "/* Could not access MAXIMUM_CAPACITY */"
      DEFAULT_LOAD_FACTOR = "/* Could not access DEFAULT_LOAD_FACTOR */"
      TREEIFY_THRESHOLD = "/* Could not access TREEIFY_THRESHOLD */"
      UNTREEIFY_THRESHOLD = "/* Could not access UNTREEIFY_THRESHOLD */"
      MIN_TREEIFY_CAPACITY = "/* Could not access MIN_TREEIFY_CAPACITY */"
      table = "/* Could not access table */"
      entrySet = "/* Could not access entrySet */"
      size = "/* Could not access size */"
      modCount = "/* Could not access modCount */"
      threshold = "/* Could not access threshold */"
      loadFactor = "/* Could not access loadFactor */"
      keySet = "/* Could not access keySet */"
      values = "/* Could not access values */"
    permissionXMLPermissionMap = class java.util.HashMap@20051692
      serialVersionUID = "/* Could not access serialVersionUID */"
      DEFAULT_INITIAL_CAPACITY = "/* Could not access DEFAULT_INITIAL_CAPACITY */"
      MAXIMUM_CAPACITY = "/* Could not access MAXIMUM_CAPACITY */"
      DEFAULT_LOAD_FACTOR = "/* Could not access DEFAULT_LOAD_FACTOR */"
      TREEIFY_THRESHOLD = "/* Could not access TREEIFY_THRESHOLD */"
      UNTREEIFY_THRESHOLD = "/* Could not access UNTREEIFY_THRESHOLD */"
      MIN_TREEIFY_CAPACITY = "/* Could not access MIN_TREEIFY_CAPACITY */"
      table = "/* Could not access table */"
      entrySet = "/* Could not access entrySet */"
      size = "/* Could not access size */"
      modCount = "/* Could not access modCount */"
      threshold = "/* Could not access threshold */"
      loadFactor = "/* Could not access loadFactor */"
      keySet = "/* Could not access keySet */"
      values = "/* Could not access values */"
    serialVersionUID = 8583289148510585888
  permissionsConfig = null
  serialVersionUID = 1131686356392279747
  appInfo = class com.ibm.ws.container.service.app.deploy.internal.ApplicationInfoImpl@34b5fc33
    appName = "media-service"
    appMetaData = class com.ibm.ws.container.service.app.deploy.internal.ApplicationMetaDataImpl@77fef5c6
      j2eeName = class com.ibm.ws.container.service.metadata.internal.J2EENameImpl@5e71285e
      serialVersionUID = -7906531148367236579
      $$$tc$$$ = class com.ibm.websphere.ras.TraceComponent@2f2492d0
      tc = class com.ibm.websphere.ras.TraceComponent@5c83732
      NUM_STATIC_SLOTS = 4
      ID_UNINITIALIZED = -1
      id = 6
      metaDataInterface = class java.lang.Class@2cbc15e1
      staticSlots = class java.lang.Object[4]
      dynamicSlots = class java.lang.Object[4]
    appContainer = class com.ibm.ws.adaptable.module.internal.AdaptableContainerImpl@6dfe04cc
    configHelper = class com.ibm.ws.app.manager.module.ApplicationNestedConfigHelper@f975bf0
      appInfo = class com.ibm.ws.app.manager.internal.ApplicationInstallInfo@3a8749ab
      serialVersionUID = -3174031738676705046
      $$$tc$$$ = class com.ibm.websphere.ras.TraceComponent@3ed327f
    applicationInformation = class com.ibm.ws.app.manager.internal.ApplicationInstallInfo@3a8749ab
    serialVersionUID = 5227817860647895780
    $$$tc$$$ = class com.ibm.websphere.ras.TraceComponent@107187d5
      strings[0] = "TraceComponent[com.ibm.ws.container.service.app.deploy.internal.ApplicationInfoImpl,class com.ibm.ws.container.service.app.deploy.internal.ApplicationInfoImpl,[container.service],com.ibm.ws.container.service.resources.Messages,null]"
  appInfoRegistration = null
  modulesDeployed = class java.util.ArrayList@bfb8ef
    serialVersionUID = "/* Could not access serialVersionUID */"
    DEFAULT_CAPACITY = "/* Could not access DEFAULT_CAPACITY */"
    EMPTY_ELEMENTDATA = "/* Could not access EMPTY_ELEMENTDATA */"
    DEFAULTCAPACITY_EMPTY_ELEMENTDATA = "/* Could not access DEFAULTCAPACITY_EMPTY_ELEMENTDATA */"
    elementData = "/* Could not access elementData */"
    size = "/* Could not access size */"
    MAX_ARRAY_SIZE = "/* Could not access MAX_ARRAY_SIZE */"
    modCount = "/* Could not access modCount */"
    MAX_ARRAY_SIZE = "/* Could not access MAX_ARRAY_SIZE */"
  starting = true
  started = false
  deployedAppServices = class com.ibm.ws.app.manager.module.internal.DeployedAppServicesImpl@c732f2d
    SERVER_APPS_DIR = "${server.output.dir}/apps/"
    EXPANDED_APPS_DIR = "${server.output.dir}/apps/expanded/"
    bundleContext = class org.eclipse.osgi.internal.framework.BundleContextImpl@8597c71
      valid = true
      bundle = class org.eclipse.osgi.internal.framework.EquinoxBundle@32908755
      container = class org.eclipse.osgi.internal.framework.EquinoxContainer@12960ada
      debug = class org.eclipse.osgi.internal.debug.Debug@4ac94cbd
      servicesInUse = class java.util.HashMap@54cdd9bb
      activator = null
      contextLock = class java.lang.Object@6c7302d8
    applicationInfoFactory = class com.ibm.ws.container.service.app.deploy.internal.ApplicationInfoFactoryImpl@d7c946c
    futureMonitor = class com.ibm.ws.threading.internal.FutureMonitorImpl@53ae5324
    classLoadingService = class com.ibm.ws.classloading.internal.ClassLoadingServiceImpl@a94b4e3
    globalSharedLibrary = class com.ibm.ws.library.internal.SharedLibraryImpl@2a4faefe
    globalSharedLibraryPid = "com.ibm.ws.classloading.sharedlibrary_34"
    configAdmin = class com.ibm.ws.config.admin.internal.ConfigurationAdminImpl@475942e6
    metaDataService = class com.ibm.ws.container.service.metadata.internal.MetaDataServiceImpl@4bd5bf44
    stateChangeService = class com.ibm.ws.container.service.state.internal.StateChangeServiceImpl@2162053a
    allModuleTypes = class java.lang.String[4]
      String[0] = "ejb"
      String[1] = "web"
      String[2] = "client"
      String[3] = "connector"
    moduleMetaDataExtenders = class java.util.concurrent.ConcurrentHashMap@4c7275c
      serialVersionUID = "/* Could not access serialVersionUID */"
      MAXIMUM_CAPACITY = "/* Could not access MAXIMUM_CAPACITY */"
      DEFAULT_CAPACITY = "/* Could not access DEFAULT_CAPACITY */"
      MAX_ARRAY_SIZE = "/* Could not access MAX_ARRAY_SIZE */"
      DEFAULT_CONCURRENCY_LEVEL = "/* Could not access DEFAULT_CONCURRENCY_LEVEL */"
      LOAD_FACTOR = "/* Could not access LOAD_FACTOR */"
      TREEIFY_THRESHOLD = "/* Could not access TREEIFY_THRESHOLD */"
      UNTREEIFY_THRESHOLD = "/* Could not access UNTREEIFY_THRESHOLD */"
      MIN_TREEIFY_CAPACITY = "/* Could not access MIN_TREEIFY_CAPACITY */"
      MIN_TRANSFER_STRIDE = "/* Could not access MIN_TRANSFER_STRIDE */"
      RESIZE_STAMP_BITS = "/* Could not access RESIZE_STAMP_BITS */"
      MAX_RESIZERS = "/* Could not access MAX_RESIZERS */"
      RESIZE_STAMP_SHIFT = "/* Could not access RESIZE_STAMP_SHIFT */"
      MOVED = "/* Could not access MOVED */"
      TREEBIN = "/* Could not access TREEBIN */"
      RESERVED = "/* Could not access RESERVED */"
      HASH_BITS = "/* Could not access HASH_BITS */"
      NCPU = "/* Could not access NCPU */"
      serialPersistentFields = "/* Could not access serialPersistentFields */"
      table = "/* Could not access table */"
      nextTable = "/* Could not access nextTable */"
      baseCount = "/* Could not access baseCount */"
      sizeCtl = "/* Could not access sizeCtl */"
      transferIndex = "/* Could not access transferIndex */"
      cellsBusy = "/* Could not access cellsBusy */"
      counterCells = "/* Could not access counterCells */"
      keySet = "/* Could not access keySet */"
      values = "/* Could not access values */"
      entrySet = "/* Could not access entrySet */"
      U = "/* Could not access U */"
      SIZECTL = "/* Could not access SIZECTL */"
      TRANSFERINDEX = "/* Could not access TRANSFERINDEX */"
      BASECOUNT = "/* Could not access BASECOUNT */"
      CELLSBUSY = "/* Could not access CELLSBUSY */"
      CELLVALUE = "/* Could not access CELLVALUE */"
      ABASE = "/* Could not access ABASE */"
      ASHIFT = "/* Could not access ASHIFT */"
      keySet = "/* Could not access keySet */"
      values = "/* Could not access values */"
    nestedModuleMetaDataFactories = class java.util.concurrent.ConcurrentHashMap@4614fd5a
      serialVersionUID = "/* Could not access serialVersionUID */"
      MAXIMUM_CAPACITY = "/* Could not access MAXIMUM_CAPACITY */"
      DEFAULT_CAPACITY = "/* Could not access DEFAULT_CAPACITY */"
      MAX_ARRAY_SIZE = "/* Could not access MAX_ARRAY_SIZE */"
      DEFAULT_CONCURRENCY_LEVEL = "/* Could not access DEFAULT_CONCURRENCY_LEVEL */"
      LOAD_FACTOR = "/* Could not access LOAD_FACTOR */"
      TREEIFY_THRESHOLD = "/* Could not access TREEIFY_THRESHOLD */"
      UNTREEIFY_THRESHOLD = "/* Could not access UNTREEIFY_THRESHOLD */"
      MIN_TREEIFY_CAPACITY = "/* Could not access MIN_TREEIFY_CAPACITY */"
      MIN_TRANSFER_STRIDE = "/* Could not access MIN_TRANSFER_STRIDE */"
      RESIZE_STAMP_BITS = "/* Could not access RESIZE_STAMP_BITS */"
      MAX_RESIZERS = "/* Could not access MAX_RESIZERS */"
      RESIZE_STAMP_SHIFT = "/* Could not access RESIZE_STAMP_SHIFT */"
      MOVED = "/* Could not access MOVED */"
      TREEBIN = "/* Could not access TREEBIN */"
      RESERVED = "/* Could not access RESERVED */"
      HASH_BITS = "/* Could not access HASH_BITS */"
      NCPU = "/* Could not access NCPU */"
      serialPersistentFields = "/* Could not access serialPersistentFields */"
      table = "/* Could not access table */"
      nextTable = "/* Could not access nextTable */"
      baseCount = "/* Could not access baseCount */"
      sizeCtl = "/* Could not access sizeCtl */"
      transferIndex = "/* Could not access transferIndex */"
      cellsBusy = "/* Could not access cellsBusy */"
      counterCells = "/* Could not access counterCells */"
      keySet = "/* Could not access keySet */"
      values = "/* Could not access values */"
      entrySet = "/* Could not access entrySet */"
      U = "/* Could not access U */"
      SIZECTL = "/* Could not access SIZECTL */"
      TRANSFERINDEX = "/* Could not access TRANSFERINDEX */"
      BASECOUNT = "/* Could not access BASECOUNT */"
      CELLSBUSY = "/* Could not access CELLSBUSY */"
      CELLVALUE = "/* Could not access CELLVALUE */"
      ABASE = "/* Could not access ABASE */"
      ASHIFT = "/* Could not access ASHIFT */"
      keySet = "/* Could not access keySet */"
      values = "/* Could not access values */"
    permissionManager = class com.ibm.ws.classloading.java2sec.PermissionManager@3faabeea
    locAdmin = class com.ibm.ws.kernel.service.location.internal.WsLocationAdminImpl@35e7e12a
      tc = class com.ibm.websphere.ras.TraceComponent@38fb3fd1
      LOC_INTERNAL_LIB_DIR = "wlp.lib.dir"
      LOC_INTERNAL_WORKAREA_DIR = "wlp.workarea.dir"
      LOC_AREA_NAME_APPS = "shared/apps/"
      LOC_AREA_NAME_CONFIG = "shared/config/"
      LOC_AREA_NAME_RESC = "shared/resources/"
      LOC_AREA_NAME_STATE = "logs/state/"
      LOC_AREA_NAME_SERVERS = "servers/"
      LOC_AREA_NAME_CLIENTS = "clients/"
      LOC_AREA_NAME_WORKING = "workarea/"
      LOC_AREA_NAME_LOGS = "logs/"
      LOC_AREA_NAME_EXTENSION = "extension/"
      instance = class com.ibm.ws.kernel.service.location.internal.WsLocationAdminImpl@35e7e12a
      installRoot = class com.ibm.ws.kernel.service.location.internal.SymbolicRootResource@c33cf01
      installParentRoot = class com.ibm.ws.kernel.service.location.internal.SymbolicRootResource@712cf647
      userRoot = class com.ibm.ws.kernel.service.location.internal.SymbolicRootResource@26d76afb
      usrExtensionRoot = class com.ibm.ws.kernel.service.location.internal.SymbolicRootResource@62e13328
      serverConfigDir = class com.ibm.ws.kernel.service.location.internal.SymbolicRootResource@70b8a3b2
      serverOutputDir = class com.ibm.ws.kernel.service.location.internal.SymbolicRootResource@70b8a3b2
      bootstrapLib = class com.ibm.ws.kernel.service.location.internal.LocalFileResource@66b0ed2c
      serverWorkarea = class com.ibm.ws.kernel.service.location.internal.LocalFileResource@7badd3b3
      serverState = class com.ibm.ws.kernel.service.location.internal.LocalFileResource@103ec79d
      sharedAppsRoot = class com.ibm.ws.kernel.service.location.internal.SymbolicRootResource@25ae531b
      sharedConfigRoot = class com.ibm.ws.kernel.service.location.internal.SymbolicRootResource@4496030f
      sharedResourceRoot = class com.ibm.ws.kernel.service.location.internal.SymbolicRootResource@51336065
      tmpRoot = class com.ibm.ws.kernel.service.location.internal.SymbolicRootResource@37d747f1
      serverName = "defaultServer"
      resourcePaths = class java.util.ArrayList@60b6ec9b
      resourceGroups = class java.util.HashMap@144c05f9
      commonRoot = class com.ibm.ws.kernel.service.location.internal.VirtualRootResource@5eb66f5d
      serverCfgDirStr = "/home/nitekon1/repos/Incident-Accuracy-Reporting-System/backend/media-service/target/liberty/wlp/usr/servers/defaultServer/"
      variableSourceDirs = "/home/nitekon1/repos/Incident-Accuracy-Reporting-System/backend/media-service/target/liberty/wlp/usr/servers/defaultServer/variables/"
      serialVersionUID = 7963438175177362522
    artifactFactory = class com.ibm.ws.artifact.internal.ArtifactContainerFactoryService@1c3411e7
      CATEGORY_PROP_NAME = "category"
      ENTRY_KEY = "com.ibm.wsspi.artifact.ArtifactEntry"
      helperMap = class com.ibm.wsspi.kernel.service.utils.ConcurrentServiceReferenceSetMap@1d60540c
      contributorMap = class com.ibm.wsspi.kernel.service.utils.ConcurrentServiceReferenceSetMap@54e7f2fe
      helperCategoryMap = class com.ibm.wsspi.kernel.service.utils.ConcurrentServiceReferenceSetMap@65fb6a3d
      contributorCategoryMap = class com.ibm.wsspi.kernel.service.utils.ConcurrentServiceReferenceSetMap@1d4cd8ad
      categories = class java.util.Collections$SynchronizedSet@2933f3c
      baseProperties = class org.apache.felix.scr.impl.helper.ReadOnlyDictionary@69085d92
      registration = class com.ibm.ws.kernel.service.util.ServiceRegistrationModifier@571c780c
      serialVersionUID = 6566424214406946230
      $$$tc$$$ = class com.ibm.websphere.ras.TraceComponent@197c6613
    moduleFactory = class com.ibm.ws.adaptable.module.internal.AdaptableModuleFactoryImpl@6bdc2e7c
      adapterFactoryService = class com.ibm.ws.adaptable.module.internal.AdapterFactoryServiceImpl@6b1aea73
      containerFactory = class com.ibm.ws.artifact.internal.ArtifactContainerFactoryService@1c3411e7
      overlayContainerFactory = class com.ibm.ws.artifact.overlay.internal.OverlayContainerFactoryImpl@7bb04ec9
      serialVersionUID = 4200251809856292987
      $$$tc$$$ = class com.ibm.websphere.ras.TraceComponent@7c46b6d3
    serialVersionUID = 8537801607979767986
    $$$tc$$$ = class com.ibm.websphere.ras.TraceComponent@14c6e8cb
      strings[0] = "TraceComponent[com.ibm.ws.app.manager.module.internal.DeployedAppServicesImpl,class com.ibm.ws.app.manager.module.internal.DeployedAppServicesImpl,[applications, app.manager],null,null]"
  futureMonitor = class com.ibm.ws.threading.internal.FutureMonitorImpl@53ae5324
    _monitor = class java.util.concurrent.ConcurrentLinkedQueue@7b43b3a9
      serialVersionUID = "/* Could not access serialVersionUID */"
      head = "/* Could not access head */"
      tail = "/* Could not access tail */"
      MAX_HOPS = "/* Could not access MAX_HOPS */"
      HEAD = "/* Could not access HEAD */"
      TAIL = "/* Could not access TAIL */"
      ITEM = "/* Could not access ITEM */"
      NEXT = "/* Could not access NEXT */"
      MAX_ARRAY_SIZE = "/* Could not access MAX_ARRAY_SIZE */"
    _executor = class com.ibm.ws.threading.internal.DeferrableScheduledExecutorImpl@7f85d1f5
      PERIOD_MILLISECONDS = 15000
      executor = class com.ibm.ws.threading.internal.ScheduledExecutorImpl@10a83656
      serialVersionUID = 4761900424000004220
      $$$tc$$$ = class com.ibm.websphere.ras.TraceComponent@6eb28d4d
    _threadRunning = class java.util.concurrent.atomic.AtomicBoolean@501ef52d
      serialVersionUID = "/* Could not access serialVersionUID */"
      VALUE = "/* Could not access VALUE */"
      value = "/* Could not access value */"
    _thread = class com.ibm.ws.threading.internal.FutureMonitorImpl$1@78f06a49
      this$0 = class com.ibm.ws.threading.internal.FutureMonitorImpl@53ae5324
      serialVersionUID = 2422512430832938099
      $$$tc$$$ = class com.ibm.websphere.ras.TraceComponent@14f84f61
    serialVersionUID = 2765238413969174390
    $$$tc$$$ = class com.ibm.websphere.ras.TraceComponent@30591407
      strings[0] = "TraceComponent[com.ibm.ws.threading.internal.FutureMonitorImpl,class com.ibm.ws.threading.internal.FutureMonitorImpl,[Threading],com.ibm.ws.threading.internal.resources.ThreadingMessages,null]"
  appInfoFactory = class com.ibm.ws.container.service.app.deploy.internal.ApplicationInfoFactoryImpl@d7c946c
    j2eeNameFactory = class com.ibm.wsspi.kernel.service.utils.AtomicServiceReference@45b8de60
      referenceName = "j2eeNameFactory"
      tuple = class java.util.concurrent.atomic.AtomicReference@6bcd5873
      serialVersionUID = 2226592364007985000
      $$$tc$$$ = class com.ibm.websphere.ras.TraceComponent@7701b57e
    names = class java.util.HashSet@78301889
      serialVersionUID = "/* Could not access serialVersionUID */"
      map = "/* Could not access map */"
      PRESENT = "/* Could not access PRESENT */"
      MAX_ARRAY_SIZE = "/* Could not access MAX_ARRAY_SIZE */"
    serialVersionUID = 6232436640731165768
    $$$tc$$$ = class com.ibm.websphere.ras.TraceComponent@2b118ce8
      strings[0] = "TraceComponent[com.ibm.ws.container.service.app.deploy.internal.ApplicationInfoFactoryImpl,class com.ibm.ws.container.service.app.deploy.internal.ApplicationInfoFactoryImpl,[container.service],com.ibm.ws.container.service.resources.Messages,null]"
  metaDataService = class com.ibm.ws.container.service.metadata.internal.MetaDataServiceImpl@4bd5bf44
    applicationMetaDataManager = class com.ibm.ws.container.service.metadata.internal.ApplicationMetaDataManager@45eb6a77
      serialVersionUID = 1843747281024490904
      $$$tc$$$ = class com.ibm.websphere.ras.TraceComponent@29f8aec4
      listeners = class com.ibm.wsspi.kernel.service.utils.ConcurrentServiceReferenceSet@7038a158
      metaDataIDs = class com.ibm.ws.container.service.metadata.internal.IndexList@74ce95b0
      metaDatas = class java.util.ArrayList@3a4b8a98
      slotIDs = class com.ibm.ws.container.service.metadata.internal.IndexList@7732221e
      serialVersionUID = 5464421863354792977
      $$$tc$$$ = class com.ibm.websphere.ras.TraceComponent@1514f8a7
    moduleMetaDataManager = class com.ibm.ws.container.service.metadata.internal.ModuleMetaDataManager@4027ef3c
      serialVersionUID = 2513574389899327209
      $$$tc$$$ = class com.ibm.websphere.ras.TraceComponent@57ee09d2
      listeners = class com.ibm.wsspi.kernel.service.utils.ConcurrentServiceReferenceSet@3c7e975b
      metaDataIDs = class com.ibm.ws.container.service.metadata.internal.IndexList@617b3fad
      metaDatas = class java.util.ArrayList@72bc8d21
      slotIDs = class com.ibm.ws.container.service.metadata.internal.IndexList@1c415127
      serialVersionUID = 5464421863354792977
      $$$tc$$$ = class com.ibm.websphere.ras.TraceComponent@1514f8a7
    componentMetaDataManager = class com.ibm.ws.container.service.metadata.internal.ComponentMetaDataManager@48693bcb
      serialVersionUID = 8629793739641703882
      $$$tc$$$ = class com.ibm.websphere.ras.TraceComponent@2b210941
      listeners = class com.ibm.wsspi.kernel.service.utils.ConcurrentServiceReferenceSet@59645752
      metaDataIDs = class com.ibm.ws.container.service.metadata.internal.IndexList@7709ad8
      metaDatas = class java.util.ArrayList@18438675
      slotIDs = class com.ibm.ws.container.service.metadata.internal.IndexList@7f8d60b9
      serialVersionUID = 5464421863354792977
      $$$tc$$$ = class com.ibm.websphere.ras.TraceComponent@1514f8a7
    methodMetaDataManager = class com.ibm.ws.container.service.metadata.internal.MethodMetaDataManager@4b713bde
      serialVersionUID = -8002489041502300640
      $$$tc$$$ = class com.ibm.websphere.ras.TraceComponent@9894874
      listeners = class com.ibm.wsspi.kernel.service.utils.ConcurrentServiceReferenceSet@17e5f41e
      metaDataIDs = class com.ibm.ws.container.service.metadata.internal.IndexList@503c66b1
      metaDatas = class java.util.ArrayList@3b0cfd36
      slotIDs = class com.ibm.ws.container.service.metadata.internal.IndexList@769b6463
      serialVersionUID = 5464421863354792977
      $$$tc$$$ = class com.ibm.websphere.ras.TraceComponent@1514f8a7
    appModuleNameToModuleContainer = class java.util.concurrent.ConcurrentHashMap@55d74815
      serialVersionUID = "/* Could not access serialVersionUID */"
      MAXIMUM_CAPACITY = "/* Could not access MAXIMUM_CAPACITY */"
      DEFAULT_CAPACITY = "/* Could not access DEFAULT_CAPACITY */"
      MAX_ARRAY_SIZE = "/* Could not access MAX_ARRAY_SIZE */"
      DEFAULT_CONCURRENCY_LEVEL = "/* Could not access DEFAULT_CONCURRENCY_LEVEL */"
      LOAD_FACTOR = "/* Could not access LOAD_FACTOR */"
      TREEIFY_THRESHOLD = "/* Could not access TREEIFY_THRESHOLD */"
      UNTREEIFY_THRESHOLD = "/* Could not access UNTREEIFY_THRESHOLD */"
      MIN_TREEIFY_CAPACITY = "/* Could not access MIN_TREEIFY_CAPACITY */"
      MIN_TRANSFER_STRIDE = "/* Could not access MIN_TRANSFER_STRIDE */"
      RESIZE_STAMP_BITS = "/* Could not access RESIZE_STAMP_BITS */"
      MAX_RESIZERS = "/* Could not access MAX_RESIZERS */"
      RESIZE_STAMP_SHIFT = "/* Could not access RESIZE_STAMP_SHIFT */"
      MOVED = "/* Could not access MOVED */"
      TREEBIN = "/* Could not access TREEBIN */"
      RESERVED = "/* Could not access RESERVED */"
      HASH_BITS = "/* Could not access HASH_BITS */"
      NCPU = "/* Could not access NCPU */"
      serialPersistentFields = "/* Could not access serialPersistentFields */"
      table = "/* Could not access table */"
      nextTable = "/* Could not access nextTable */"
      baseCount = "/* Could not access baseCount */"
      sizeCtl = "/* Could not access sizeCtl */"
      transferIndex = "/* Could not access transferIndex */"
      cellsBusy = "/* Could not access cellsBusy */"
      counterCells = "/* Could not access counterCells */"
      keySet = "/* Could not access keySet */"
      values = "/* Could not access values */"
      entrySet = "/* Could not access entrySet */"
      U = "/* Could not access U */"
      SIZECTL = "/* Could not access SIZECTL */"
      TRANSFERINDEX = "/* Could not access TRANSFERINDEX */"
      BASECOUNT = "/* Could not access BASECOUNT */"
      CELLSBUSY = "/* Could not access CELLSBUSY */"
      CELLVALUE = "/* Could not access CELLVALUE */"
      ABASE = "/* Could not access ABASE */"
      ASHIFT = "/* Could not access ASHIFT */"
      keySet = "/* Could not access keySet */"
      values = "/* Could not access values */"
    jeeNameToComponentMetaData = class java.util.concurrent.ConcurrentHashMap@2af6039c
      serialVersionUID = "/* Could not access serialVersionUID */"
      MAXIMUM_CAPACITY = "/* Could not access MAXIMUM_CAPACITY */"
      DEFAULT_CAPACITY = "/* Could not access DEFAULT_CAPACITY */"
      MAX_ARRAY_SIZE = "/* Could not access MAX_ARRAY_SIZE */"
      DEFAULT_CONCURRENCY_LEVEL = "/* Could not access DEFAULT_CONCURRENCY_LEVEL */"
      LOAD_FACTOR = "/* Could not access LOAD_FACTOR */"
      TREEIFY_THRESHOLD = "/* Could not access TREEIFY_THRESHOLD */"
      UNTREEIFY_THRESHOLD = "/* Could not access UNTREEIFY_THRESHOLD */"
      MIN_TREEIFY_CAPACITY = "/* Could not access MIN_TREEIFY_CAPACITY */"
      MIN_TRANSFER_STRIDE = "/* Could not access MIN_TRANSFER_STRIDE */"
      RESIZE_STAMP_BITS = "/* Could not access RESIZE_STAMP_BITS */"
      MAX_RESIZERS = "/* Could not access MAX_RESIZERS */"
      RESIZE_STAMP_SHIFT = "/* Could not access RESIZE_STAMP_SHIFT */"
      MOVED = "/* Could not access MOVED */"
      TREEBIN = "/* Could not access TREEBIN */"
      RESERVED = "/* Could not access RESERVED */"
      HASH_BITS = "/* Could not access HASH_BITS */"
      NCPU = "/* Could not access NCPU */"
      serialPersistentFields = "/* Could not access serialPersistentFields */"
      table = "/* Could not access table */"
      nextTable = "/* Could not access nextTable */"
      baseCount = "/* Could not access baseCount */"
      sizeCtl = "/* Could not access sizeCtl */"
      transferIndex = "/* Could not access transferIndex */"
      cellsBusy = "/* Could not access cellsBusy */"
      counterCells = "/* Could not access counterCells */"
      keySet = "/* Could not access keySet */"
      values = "/* Could not access values */"
      entrySet = "/* Could not access entrySet */"
      U = "/* Could not access U */"
      SIZECTL = "/* Could not access SIZECTL */"
      TRANSFERINDEX = "/* Could not access TRANSFERINDEX */"
      BASECOUNT = "/* Could not access BASECOUNT */"
      CELLSBUSY = "/* Could not access CELLSBUSY */"
      CELLVALUE = "/* Could not access CELLVALUE */"
      ABASE = "/* Could not access ABASE */"
      ASHIFT = "/* Could not access ASHIFT */"
      keySet = "/* Could not access keySet */"
      values = "/* Could not access values */"
    deferredMetaDataFactories = class com.ibm.wsspi.kernel.service.utils.ConcurrentServiceReferenceSet@2bc0c26a
      referenceName = "deferredMetaDataFactory"
      contextRef = class java.util.concurrent.atomic.AtomicReference@42866dd
      elementMap = class java.util.LinkedHashMap@78d8ada
      elementSet = class java.util.concurrent.ConcurrentSkipListSet@3f9c470
      elementSetUnsorted = false
      serialVersionUID = 756240983881166148
      $$$tc$$$ = class com.ibm.websphere.ras.TraceComponent@4979ef29
    deferredMetaDataInitializers = class com.ibm.wsspi.kernel.service.utils.ConcurrentServiceReferenceMap@692da307
      referenceName = "deferredMetaDataFactory"
      context = class org.apache.felix.scr.impl.manager.ComponentContextImpl@7a305ff2
      elementMap = class java.util.concurrent.ConcurrentHashMap@6ceee1fa
      serialVersionUID = 6980924785166233786
      $$$tc$$$ = class com.ibm.websphere.ras.TraceComponent@3869bd45
    serialVersionUID = -2494605732980966097
    $$$tc$$$ = class com.ibm.websphere.ras.TraceComponent@d362cc5
      strings[0] = "TraceComponent[com.ibm.ws.container.service.metadata.internal.MetaDataServiceImpl,class com.ibm.ws.container.service.metadata.internal.MetaDataServiceImpl,[Runtime],null,null]"
  stateChangeService = class com.ibm.ws.container.service.state.internal.StateChangeServiceImpl@2162053a
    applicationStateManager = class com.ibm.ws.container.service.state.internal.ApplicationStateManager@37b390e1
      serialVersionUID = -6685368059484454124
      $$$tc$$$ = class com.ibm.websphere.ras.TraceComponent@62dba2eb
      listeners = class com.ibm.wsspi.kernel.service.utils.ConcurrentServiceReferenceSet@7c224575
      serialVersionUID = 2284273176985484160
      $$$tc$$$ = class com.ibm.websphere.ras.TraceComponent@7d59c7cf
    moduleStateManager = class com.ibm.ws.container.service.state.internal.ModuleStateManager@736c92da
      serialVersionUID = -5540260902341249963
      $$$tc$$$ = class com.ibm.websphere.ras.TraceComponent@42cce65d
      listeners = class com.ibm.wsspi.kernel.service.utils.ConcurrentServiceReferenceSet@4ee62baa
      serialVersionUID = 2284273176985484160
      $$$tc$$$ = class com.ibm.websphere.ras.TraceComponent@7d59c7cf
    serialVersionUID = -537917915330350560
    $$$tc$$$ = class com.ibm.websphere.ras.TraceComponent@4d3d147c
      strings[0] = "TraceComponent[com.ibm.ws.container.service.state.internal.StateChangeServiceImpl,class com.ibm.ws.container.service.state.internal.StateChangeServiceImpl,[Runtime],null,null]"
  moduleClassesInfo = class com.ibm.ws.app.manager.module.internal.SimpleDeployedAppInfoBase$ModuleClassesInfoProvider@5c67a939
    entryContainerInfosMap = class java.util.HashMap@51795d00
      serialVersionUID = "/* Could not access serialVersionUID */"
      DEFAULT_INITIAL_CAPACITY = "/* Could not access DEFAULT_INITIAL_CAPACITY */"
      MAXIMUM_CAPACITY = "/* Could not access MAXIMUM_CAPACITY */"
      DEFAULT_LOAD_FACTOR = "/* Could not access DEFAULT_LOAD_FACTOR */"
      TREEIFY_THRESHOLD = "/* Could not access TREEIFY_THRESHOLD */"
      UNTREEIFY_THRESHOLD = "/* Could not access UNTREEIFY_THRESHOLD */"
      MIN_TREEIFY_CAPACITY = "/* Could not access MIN_TREEIFY_CAPACITY */"
      table = "/* Could not access table */"
      entrySet = "/* Could not access entrySet */"
      size = "/* Could not access size */"
      modCount = "/* Could not access modCount */"
      threshold = "/* Could not access threshold */"
      loadFactor = "/* Could not access loadFactor */"
      keySet = "/* Could not access keySet */"
      values = "/* Could not access values */"
    serialVersionUID = -70332790531324534
    $$$tc$$$ = class com.ibm.websphere.ras.TraceComponent@1b2c81ce
      strings[0] = "TraceComponent[com.ibm.ws.app.manager.module.internal.SimpleDeployedAppInfoBase$ModuleClassesInfoProvider,class com.ibm.ws.app.manager.module.internal.SimpleDeployedAppInfoBase$ModuleClassesInfoProvider,[applications, app.manager],null,null]"
  moduleContainerInfos = class java.util.ArrayList@3551992d
    serialVersionUID = "/* Could not access serialVersionUID */"
    DEFAULT_CAPACITY = "/* Could not access DEFAULT_CAPACITY */"
    EMPTY_ELEMENTDATA = "/* Could not access EMPTY_ELEMENTDATA */"
    DEFAULTCAPACITY_EMPTY_ELEMENTDATA = "/* Could not access DEFAULTCAPACITY_EMPTY_ELEMENTDATA */"
    elementData = "/* Could not access elementData */"
    size = "/* Could not access size */"
    MAX_ARRAY_SIZE = "/* Could not access MAX_ARRAY_SIZE */"
    modCount = "/* Could not access modCount */"
    MAX_ARRAY_SIZE = "/* Could not access MAX_ARRAY_SIZE */"
  activeModuleHandlers = class java.util.IdentityHashMap@53982f5c
    DEFAULT_CAPACITY = "/* Could not access DEFAULT_CAPACITY */"
    MINIMUM_CAPACITY = "/* Could not access MINIMUM_CAPACITY */"
    MAXIMUM_CAPACITY = "/* Could not access MAXIMUM_CAPACITY */"
    table = "/* Could not access table */"
    size = "/* Could not access size */"
    modCount = "/* Could not access modCount */"
    NULL_KEY = "/* Could not access NULL_KEY */"
    entrySet = "/* Could not access entrySet */"
    serialVersionUID = "/* Could not access serialVersionUID */"
    keySet = "/* Could not access keySet */"
    values = "/* Could not access values */"
  serialVersionUID = -2685719801501752993
  $$$tc$$$ = class com.ibm.websphere.ras.TraceComponent@2ff1e147
    strings[0] = "TraceComponent[com.ibm.ws.app.manager.module.internal.SimpleDeployedAppInfoBase,class com.ibm.ws.app.manager.module.internal.SimpleDeployedAppInfoBase,[applications, app.manager],null,null]"

Dump of objectArray[0]
Object type = com.ibm.ws.threading.internal.NonCancelableResultFuture
  _done = false
  _result = null
  _failure = null
  _listeners = class java.util.concurrent.ConcurrentLinkedQueue@18eb7e2a
    serialVersionUID = "/* Could not access serialVersionUID */"
    head = "/* Could not access head */"
    tail = "/* Could not access tail */"
    MAX_HOPS = "/* Could not access MAX_HOPS */"
    HEAD = "/* Could not access HEAD */"
    TAIL = "/* Could not access TAIL */"
    ITEM = "/* Could not access ITEM */"
    NEXT = "/* Could not access NEXT */"
    MAX_ARRAY_SIZE = "/* Could not access MAX_ARRAY_SIZE */"
  _notifiedListeners = class java.util.concurrent.atomic.AtomicBoolean@75799327
    serialVersionUID = "/* Could not access serialVersionUID */"
    VALUE = "/* Could not access VALUE */"
    value = "/* Could not access value */"
  serialVersionUID = -296387658814354272
  $$$tc$$$ = class com.ibm.websphere.ras.TraceComponent@6beba07a
    strings[0] = "TraceComponent[com.ibm.ws.threading.internal.NonCancelableResultFuture,class com.ibm.ws.threading.internal.NonCancelableResultFuture,[Threading],com.ibm.ws.threading.internal.resources.ThreadingMessages,null]"

