------Start of DE processing------ = [10/25/22, 14:53:18:910 CDT]
Exception = java.lang.NullPointerException
Source = com.ibm.ws.uow.UOWManagerImpl.runUnderCurrentUOW
probeid = 1130
Stack Dump = java.lang.NullPointerException
	at org.callforcode.iars.application.IncidentService.uploadedMedia(IncidentService.java:88)
	at org.callforcode.iars.application.IncidentService$Proxy$_$$_WeldSubclass.uploadedMedia$$super(Unknown Source)
	at jdk.internal.reflect.GeneratedMethodAccessor692.invoke(Unknown Source)
	at java.base/java.lang.reflect.Method.invoke(Method.java:566)
	at org.jboss.weld.interceptor.proxy.TerminalAroundInvokeInvocationContext.proceedInternal(TerminalAroundInvokeInvocationContext.java:51)
	at org.jboss.weld.interceptor.proxy.AroundInvokeInvocationContext.proceed(AroundInvokeInvocationContext.java:78)
	at com.ibm.tx.jta.cdi.interceptors.TransactionalInterceptor$1.run(TransactionalInterceptor.java:137)
	at com.ibm.ws.uow.embeddable.EmbeddableUOWManagerImpl.runUnderCurrentUOW(EmbeddableUOWManagerImpl.java:1077)
	at com.ibm.ws.uow.embeddable.EmbeddableUOWManagerImpl.runUnderNewUOW(EmbeddableUOWManagerImpl.java:1040)
	at com.ibm.ws.uow.embeddable.EmbeddableUOWManagerImpl.runUnderUOW(EmbeddableUOWManagerImpl.java:1013)
	at com.ibm.tx.jta.cdi.interceptors.TransactionalInterceptor.runUnderUOWManagingEnablement(TransactionalInterceptor.java:151)
	at com.ibm.tx.jta.cdi.interceptors.Required.required(Required.java:40)
	at jdk.internal.reflect.GeneratedMethodAccessor637.invoke(Unknown Source)
	at java.base/java.lang.reflect.Method.invoke(Method.java:566)
	at org.jboss.weld.interceptor.reader.SimpleInterceptorInvocation$SimpleMethodInvocation.invoke(SimpleInterceptorInvocation.java:73)
	at org.jboss.weld.interceptor.proxy.InterceptorMethodHandler.executeAroundInvoke(InterceptorMethodHandler.java:84)
	at org.jboss.weld.interceptor.proxy.InterceptorMethodHandler.executeInterception(InterceptorMethodHandler.java:72)
	at org.jboss.weld.interceptor.proxy.InterceptorMethodHandler.invoke(InterceptorMethodHandler.java:56)
	at org.jboss.weld.bean.proxy.CombinedInterceptorAndDecoratorStackMethodHandler.invoke(CombinedInterceptorAndDecoratorStackMethodHandler.java:79)
	at org.jboss.weld.bean.proxy.CombinedInterceptorAndDecoratorStackMethodHandler.invoke(CombinedInterceptorAndDecoratorStackMethodHandler.java:68)
	at org.callforcode.iars.application.IncidentService$Proxy$_$$_WeldSubclass.uploadedMedia(Unknown Source)
	at org.callforcode.iars.application.IncidentService$Proxy$_$$_WeldClientProxy.uploadedMedia(Unknown Source)
	at jdk.internal.reflect.GeneratedMethodAccessor691.invoke(Unknown Source)
	at java.base/java.lang.reflect.Method.invoke(Method.java:566)
	at io.smallrye.reactive.messaging.AbstractMediator.lambda$initialize$0(AbstractMediator.java:48)
	at io.smallrye.reactive.messaging.AbstractMediator.invoke(AbstractMediator.java:61)
	at io.smallrye.reactive.messaging.ProcessorMediator.lambda$processMethodReturningAPublisherBuilderOfMessageAndConsumingMessages$0(ProcessorMediator.java:136)
	at io.reactivex.internal.operators.flowable.FlowableMap$MapSubscriber.onNext(FlowableMap.java:63)
	at io.reactivex.internal.operators.flowable.FlowableFlatMap$MergeSubscriber.drainLoop(FlowableFlatMap.java:501)
	at io.reactivex.internal.operators.flowable.FlowableFlatMap$MergeSubscriber.drain(FlowableFlatMap.java:366)
	at io.reactivex.internal.operators.flowable.FlowableFlatMap$InnerSubscriber.onNext(FlowableFlatMap.java:665)
	at io.reactivex.internal.subscriptions.DeferredScalarSubscription.complete(DeferredScalarSubscription.java:117)
	at io.reactivex.processors.AsyncProcessor.subscribeActual(AsyncProcessor.java:242)
	at io.reactivex.Flowable.subscribe(Flowable.java:14918)
	at io.reactivex.Flowable.subscribe(Flowable.java:14865)
	at io.reactivex.internal.operators.flowable.FlowableFlatMap$MergeSubscriber.onNext(FlowableFlatMap.java:163)
	at io.smallrye.reactive.streams.utils.ConnectableProcessor.onNext(ConnectableProcessor.java:122)
	at io.smallrye.reactive.streams.utils.WrappedProcessor.onNext(WrappedProcessor.java:40)
	at io.reactivex.subscribers.SafeSubscriber.onNext(SafeSubscriber.java:90)
	at io.reactivex.internal.operators.flowable.FlowableTakeWhile$TakeWhileSubscriber.onNext(FlowableTakeWhile.java:79)
	at io.reactivex.internal.operators.flowable.FlowableDoOnEach$DoOnEachSubscriber.onNext(FlowableDoOnEach.java:92)
	at io.reactivex.internal.operators.flowable.FlowableConcatMap$ConcatMapImmediate.innerNext(FlowableConcatMap.java:214)
	at io.reactivex.internal.operators.flowable.FlowableConcatMap$ConcatMapInner.onNext(FlowableConcatMap.java:590)
	at io.smallrye.reactive.streams.utils.DelegatingSubscriber.onNext(DelegatingSubscriber.java:29)
	at io.reactivex.internal.util.HalfSerializer.onNext(HalfSerializer.java:45)
	at io.reactivex.internal.subscribers.StrictSubscriber.onNext(StrictSubscriber.java:97)
	at io.reactivex.internal.operators.flowable.FlowableMap$MapSubscriber.onNext(FlowableMap.java:68)
	at io.reactivex.internal.operators.flowable.FlowableFilter$FilterSubscriber.tryOnNext(FlowableFilter.java:74)
	at io.reactivex.internal.operators.flowable.FlowableMap$MapConditionalSubscriber.tryOnNext(FlowableMap.java:128)
	at io.reactivex.internal.operators.flowable.FlowableFromIterable$IteratorConditionalSubscription.slowPath(FlowableFromIterable.java:373)
	at io.reactivex.internal.operators.flowable.FlowableFromIterable$BaseRangeSubscription.request(FlowableFromIterable.java:124)
	at io.reactivex.internal.subscribers.BasicFuseableConditionalSubscriber.request(BasicFuseableConditionalSubscriber.java:152)
	at io.reactivex.internal.subscribers.BasicFuseableSubscriber.request(BasicFuseableSubscriber.java:153)
	at io.reactivex.internal.subscribers.BasicFuseableSubscriber.request(BasicFuseableSubscriber.java:153)
	at io.reactivex.internal.subscriptions.SubscriptionHelper.deferredSetOnce(SubscriptionHelper.java:202)
	at io.reactivex.internal.subscribers.StrictSubscriber.onSubscribe(StrictSubscriber.java:87)
	at io.reactivex.internal.subscribers.BasicFuseableSubscriber.onSubscribe(BasicFuseableSubscriber.java:67)
	at io.reactivex.internal.subscribers.BasicFuseableSubscriber.onSubscribe(BasicFuseableSubscriber.java:67)
	at io.reactivex.internal.subscribers.BasicFuseableConditionalSubscriber.onSubscribe(BasicFuseableConditionalSubscriber.java:66)
	at io.reactivex.internal.operators.flowable.FlowableFromIterable.subscribe(FlowableFromIterable.java:66)
	at io.reactivex.internal.operators.flowable.FlowableFromIterable.subscribeActual(FlowableFromIterable.java:47)
	at io.reactivex.Flowable.subscribe(Flowable.java:14918)
	at io.reactivex.internal.operators.flowable.FlowableMap.subscribeActual(FlowableMap.java:35)
	at io.reactivex.Flowable.subscribe(Flowable.java:14918)
	at io.reactivex.internal.operators.flowable.FlowableFilter.subscribeActual(FlowableFilter.java:37)
	at io.reactivex.Flowable.subscribe(Flowable.java:14918)
	at io.reactivex.internal.operators.flowable.FlowableMap.subscribeActual(FlowableMap.java:37)
	at io.reactivex.Flowable.subscribe(Flowable.java:14918)
	at io.reactivex.Flowable.subscribe(Flowable.java:14868)
	at io.smallrye.reactive.streams.stages.FlatMapStageFactory$FlatMapStage.lambda$null$0(FlatMapStageFactory.java:50)
	at io.reactivex.internal.operators.flowable.FlowableConcatMap$ConcatMapImmediate.drain(FlowableConcatMap.java:340)
	at io.reactivex.internal.operators.flowable.FlowableConcatMap$BaseConcatMapSubscriber.onNext(FlowableConcatMap.java:159)
	at io.reactivex.internal.operators.flowable.FlowableFlatMap$MergeSubscriber.drainLoop(FlowableFlatMap.java:501)
	at io.reactivex.internal.operators.flowable.FlowableFlatMap$MergeSubscriber.drain(FlowableFlatMap.java:366)
	at io.reactivex.internal.operators.flowable.FlowableFlatMap$InnerSubscriber.onNext(FlowableFlatMap.java:665)
	at io.reactivex.internal.subscriptions.DeferredScalarSubscription.complete(DeferredScalarSubscription.java:117)
	at io.reactivex.processors.AsyncProcessor.onComplete(AsyncProcessor.java:201)
	at io.smallrye.reactive.streams.utils.CompletionStageToPublisher.lambda$fromCompletionStage$0(CompletionStageToPublisher.java:23)
	at java.base/java.util.concurrent.CompletableFuture.uniWhenComplete(CompletableFuture.java:859)
	at java.base/java.util.concurrent.CompletableFuture$UniWhenComplete.tryFire(CompletableFuture.java:837)
	at java.base/java.util.concurrent.CompletableFuture.postComplete(CompletableFuture.java:506)
	at java.base/java.util.concurrent.CompletableFuture.complete(CompletableFuture.java:2073)
	at com.ibm.ws.microprofile.reactive.messaging.kafka.KafkaInput.executePollActions(KafkaInput.java:241)
	at com.ibm.ws.microprofile.reactive.messaging.kafka.KafkaInput.lambda$pollKafkaAsync$7(KafkaInput.java:216)
	at com.ibm.ws.threading.internal.PolicyTaskFutureImpl.run(PolicyTaskFutureImpl.java:760)
	at com.ibm.ws.threading.internal.PolicyExecutorImpl.runTask(PolicyExecutorImpl.java:1170)
	at com.ibm.ws.threading.internal.PolicyExecutorImpl$GlobalPoolTask.run(PolicyExecutorImpl.java:196)
	at java.base/java.util.concurrent.ThreadPoolExecutor.runWorker(ThreadPoolExecutor.java:1128)
	at java.base/java.util.concurrent.ThreadPoolExecutor$Worker.run(ThreadPoolExecutor.java:628)
	at java.base/java.lang.Thread.run(Thread.java:829)

Dump of callerThis
Object type = com.ibm.ws.uow.embeddable.EmbeddableUOWManagerImpl
  tc = class com.ibm.ejs.ras.TraceComponent@78c522e9
    strings[0] = "TraceComponent[com.ibm.ws.uow.embeddable.EmbeddableUOWManagerImpl,class com.ibm.ws.uow.embeddable.EmbeddableUOWManagerImpl,[Transaction],null,null]"
  _callbackManager = null
  _runUnderUOWCallbackManager = null

