------Start of DE processing------ = [10/25/22, 12:36:50:500 CDT]
Exception = org.jboss.weld.exceptions.DeploymentException
Source = com.ibm.ws.container.service.state.internal.ApplicationStateManager
probeid = 54
Stack Dump = org.jboss.weld.exceptions.DeploymentException: WELD-001408: Unsatisfied dependencies for type String with qualifiers @ConfigProperty
  at injection point [BackedAnnotatedField] @Inject @ConfigProperty org.callforcode.health.IncidentReadinessCheck.kafkaServer
  at org.callforcode.health.IncidentReadinessCheck.kafkaServer(IncidentReadinessCheck.java:0)

	at org.jboss.weld.bootstrap.Validator.validateInjectionPointForDeploymentProblems(Validator.java:378)
	at org.jboss.weld.bootstrap.Validator.validateInjectionPoint(Validator.java:290)
	at org.jboss.weld.bootstrap.Validator.validateGeneralBean(Validator.java:143)
	at org.jboss.weld.bootstrap.Validator.validateRIBean(Validator.java:164)
	at org.jboss.weld.bootstrap.Validator.validateBean(Validator.java:526)
	at org.jboss.weld.bootstrap.ConcurrentValidator$1.doWork(ConcurrentValidator.java:64)
	at org.jboss.weld.bootstrap.ConcurrentValidator$1.doWork(ConcurrentValidator.java:62)
	at org.jboss.weld.executor.IterativeWorkerTaskFactory$1.call(IterativeWorkerTaskFactory.java:62)
	at org.jboss.weld.executor.IterativeWorkerTaskFactory$1.call(IterativeWorkerTaskFactory.java:55)
	at com.ibm.ws.threading.internal.PolicyTaskFutureImpl.run(PolicyTaskFutureImpl.java:763)
	at com.ibm.ws.threading.internal.PolicyExecutorImpl.runTask(PolicyExecutorImpl.java:1170)
	at com.ibm.ws.threading.internal.PolicyExecutorImpl$GlobalPoolTask.run(PolicyExecutorImpl.java:196)
	at java.base/java.util.concurrent.ThreadPoolExecutor.runWorker(ThreadPoolExecutor.java:1128)
	at java.base/java.util.concurrent.ThreadPoolExecutor$Worker.run(ThreadPoolExecutor.java:628)
	at java.base/java.lang.Thread.run(Thread.java:829)

Dump of callerThis
Object type = com.ibm.ws.container.service.state.internal.ApplicationStateManager
  serialVersionUID = -6685368059484454124
  $$$tc$$$ = class com.ibm.websphere.ras.TraceComponent@27647f82
    strings[0] = "TraceComponent[com.ibm.ws.container.service.state.internal.ApplicationStateManager,class com.ibm.ws.container.service.state.internal.ApplicationStateManager,[Runtime],null,null]"
  listeners = class com.ibm.wsspi.kernel.service.utils.ConcurrentServiceReferenceSet@561b4f04
    referenceName = "applicationStateListeners"
    contextRef = class java.util.concurrent.atomic.AtomicReference@4604d441
      serialVersionUID = "/* Could not access serialVersionUID */"
      VALUE = "/* Could not access VALUE */"
      value = "/* Could not access value */"
    elementMap = class java.util.LinkedHashMap@28023d00
      serialVersionUID = "/* Could not access serialVersionUID */"
      head = "/* Could not access head */"
      tail = "/* Could not access tail */"
      accessOrder = "/* Could not access accessOrder */"
      serialVersionUID = "/* Could not access serialVersionUID */"
      DEFAULT_INITIAL_CAPACITY = "/* Could not access DEFAULT_INITIAL_CAPACITY */"
      MAXIMUM_CAPACITY = "/* Could not access MAXIMUM_CAPACITY */"
      DEFAULT_LOAD_FACTOR = "/* Could not access DEFAULT_LOAD_FACTOR */"
      TREEIFY_THRESHOLD = "/* Could not access TREEIFY_THRESHOLD */"
      UNTREEIFY_THRESHOLD = "/* Could not access UNTREEIFY_THRESHOLD */"
      MIN_TREEIFY_CAPACITY = "/* Could not access MIN_TREEIFY_CAPACITY */"
      table = "/* Could not access table */"
      entrySet = "/* Could not access entrySet */"
      size = "/* Could not access size */"
      modCount = "/* Could not access modCount */"
      threshold = "/* Could not access threshold */"
      loadFactor = "/* Could not access loadFactor */"
      keySet = "/* Could not access keySet */"
      values = "/* Could not access values */"
    elementSet = class java.util.concurrent.ConcurrentSkipListSet@3d975338
      serialVersionUID = "/* Could not access serialVersionUID */"
      m = "/* Could not access m */"
      MAX_ARRAY_SIZE = "/* Could not access MAX_ARRAY_SIZE */"
    elementSetUnsorted = false
    serialVersionUID = 756240983881166148
    $$$tc$$$ = class com.ibm.websphere.ras.TraceComponent@293a6572
      strings[0] = "TraceComponent[com.ibm.wsspi.kernel.service.utils.ConcurrentServiceReferenceSet,class com.ibm.wsspi.kernel.service.utils.ConcurrentServiceReferenceSet,[kernelUtils],com.ibm.ws.kernel.service.utils.resources.ServiceMessages,null]"
  serialVersionUID = 2284273176985484160
  $$$tc$$$ = class com.ibm.websphere.ras.TraceComponent@6ae79a8c
    strings[0] = "TraceComponent[com.ibm.ws.container.service.state.internal.StateChangeManager,class com.ibm.ws.container.service.state.internal.StateChangeManager,[Runtime],null,null]"

Dump of objectArray[0]
Object type = com.ibm.ws.container.service.app.deploy.internal.ApplicationInfoImpl
  appName = "incident-service"
  appMetaData = class com.ibm.ws.container.service.app.deploy.internal.ApplicationMetaDataImpl@71fb5047
    j2eeName = class com.ibm.ws.container.service.metadata.internal.J2EENameImpl@77d3843a
      serialVersionUID = 7488184044073147667
      application = "incident-service"
      module = null
      component = null
      string = "incident-service"
      j2eeNameBytes = null
      $$$tc$$$ = class com.ibm.websphere.ras.TraceComponent@7330f6dd
    serialVersionUID = -7906531148367236579
    $$$tc$$$ = class com.ibm.websphere.ras.TraceComponent@4eb021fc
      strings[0] = "TraceComponent[com.ibm.ws.container.service.app.deploy.internal.ApplicationMetaDataImpl,class com.ibm.ws.container.service.app.deploy.internal.ApplicationMetaDataImpl,[container.service],com.ibm.ws.container.service.resources.Messages,null]"
    tc = class com.ibm.websphere.ras.TraceComponent@6062e572
      strings[0] = "TraceComponent[com.ibm.ws.runtime.metadata.MetaDataImpl,class com.ibm.ws.runtime.metadata.MetaDataImpl,[Runtime],null,null]"
    NUM_STATIC_SLOTS = 4
    ID_UNINITIALIZED = -1
    id = 1
    metaDataInterface = class java.lang.Class@7889af8c
      ANNOTATION = "/* Could not access ANNOTATION */"
      ENUM = "/* Could not access ENUM */"
      SYNTHETIC = "/* Could not access SYNTHETIC */"
      cachedConstructor = "/* Could not access cachedConstructor */"
      newInstanceCallerCache = "/* Could not access newInstanceCallerCache */"
      name = "/* Could not access name */"
      module = "/* Could not access module */"
      packageName = "/* Could not access packageName */"
      componentType = "/* Could not access componentType */"
      allPermDomain = "/* Could not access allPermDomain */"
      reflectionData = "/* Could not access reflectionData */"
      classRedefinedCount = "/* Could not access classRedefinedCount */"
      genericInfo = "/* Could not access genericInfo */"
      EMPTY_CLASS_ARRAY = "/* Could not access EMPTY_CLASS_ARRAY */"
      serialVersionUID = "/* Could not access serialVersionUID */"
      serialPersistentFields = "/* Could not access serialPersistentFields */"
      reflectionFactory = "/* Could not access reflectionFactory */"
      enumConstants = "/* Could not access enumConstants */"
      enumConstantDirectory = "/* Could not access enumConstantDirectory */"
      annotationData = "/* Could not access annotationData */"
      annotationType = "/* Could not access annotationType */"
      classValueMap = "/* Could not access classValueMap */"
    staticSlots = class java.lang.Object[4]
      Object[0] = class com.ibm.ws.cdi.impl.weld.WebSphereCDIDeploymentImpl@a974b2e
      Object[1] = class com.ibm.ws.injectionengine.osgi.internal.OSGiInjectionScopeData@7c6d4472
      Object[2] = "incident-service"
      Object[3] = null
    dynamicSlots = null
  appContainer = class com.ibm.ws.adaptable.module.internal.AdaptableContainerImpl@6afd7123
    root = class com.ibm.ws.adaptable.module.internal.AdaptableContainerImpl@6afd7123
    rootOverlay = class com.ibm.ws.artifact.overlay.internal.DirectoryBasedOverlayContainerImpl@212dc696
      tc = class com.ibm.websphere.ras.TraceComponent@240e6338
      base = class com.ibm.ws.artifact.loose.internal.LooseArchive@49bef660
      maskSet = class java.util.HashSet@3a842ddc
      cfHolder = class com.ibm.ws.artifact.overlay.internal.OverlayContainerFactoryImpl@47cbba0f
      fileOverlayContainer = class com.ibm.ws.artifact.file.internal.FileContainer@9338032
      overlayDirectory = class java.io.File@5f839fd4
      cacheDirForOverlay = class java.io.File@61b06fb2
      overlayNotifier = class com.ibm.ws.artifact.overlay.internal.DirectoryBasedOverlayNotifier@7999fc7f
      enclosingContainer = null
      entryInEnclosingContainer = null
      nestedOverlays = class java.util.concurrent.ConcurrentHashMap@7ac14495
      cacheStore = class com.ibm.ws.artifact.overlay.internal.OverlayCache@6f6679ef
      parentOverlay = null
      isPassThroughMode = true
      serialVersionUID = -8445278173803874173
    factoryHolder = class com.ibm.ws.adaptable.module.internal.AdaptableModuleFactoryImpl@4c3dff4c
      adapterFactoryService = class com.ibm.ws.adaptable.module.internal.AdapterFactoryServiceImpl@3231cb26
      containerFactory = class com.ibm.ws.artifact.internal.ArtifactContainerFactoryService@2cd209fb
      overlayContainerFactory = class com.ibm.ws.artifact.overlay.internal.OverlayContainerFactoryImpl@47cbba0f
      serialVersionUID = 4200251809856292987
      $$$tc$$$ = class com.ibm.websphere.ras.TraceComponent@eb7a289
    delegate = class com.ibm.ws.artifact.overlay.internal.DirectoryBasedOverlayContainerImpl@212dc696
    notifier = class com.ibm.ws.adaptable.module.internal.NotifierImpl@356799d1
      root = class com.ibm.ws.adaptable.module.internal.AdaptableContainerImpl@6afd7123
      delegateNotifier = class com.ibm.ws.artifact.overlay.internal.DirectoryBasedOverlayNotifier@7999fc7f
      delegateRoot = class com.ibm.ws.artifact.overlay.internal.DirectoryBasedOverlayContainerImpl@212dc696
      listenerDelegates = class java.util.HashMap@393a06c4
      serialVersionUID = 6839382523957017880
      $$$tc$$$ = class com.ibm.websphere.ras.TraceComponent@68ee4b44
    serialVersionUID = -5950528200509051684
    $$$tc$$$ = class com.ibm.websphere.ras.TraceComponent@173c51ac
      strings[0] = "TraceComponent[com.ibm.ws.adaptable.module.internal.AdaptableContainerImpl,class com.ibm.ws.adaptable.module.internal.AdaptableContainerImpl,[archive.adaptable],null,null]"
  configHelper = class com.ibm.ws.app.manager.module.ApplicationNestedConfigHelper@39bdbfd4
    appInfo = class com.ibm.ws.app.manager.internal.ApplicationInstallInfo@6b808a26
    serialVersionUID = -3174031738676705046
    $$$tc$$$ = class com.ibm.websphere.ras.TraceComponent@3e8a9bb5
      strings[0] = "TraceComponent[com.ibm.ws.app.manager.module.ApplicationNestedConfigHelper,class com.ibm.ws.app.manager.module.ApplicationNestedConfigHelper,[applications, app.manager],null,null]"
  applicationInformation = class com.ibm.ws.app.manager.internal.ApplicationInstallInfo@6b808a26
    _config = class com.ibm.ws.app.manager.internal.ApplicationConfig@317848e1
      tc = class com.ibm.websphere.ras.TraceComponent@398be95d
      _configPid = "com.ibm.ws.app.manager_36"
      _config = class com.ibm.ws.config.admin.ConfigurationDictionary@1adc6ec8
      _applicationManager = class com.ibm.ws.app.manager.ApplicationManager@49ddfc40
      _location = "incident-service.war"
      _type = "war"
      _name = "incident-service"
      _notificationBroadcasterSupport = class javax.management.NotificationBroadcasterSupport@7f118b00
      ONE_TIME_JANDEX_MSGS_DISPLAYED = true
      serialVersionUID = -2151423388299667431
    _handlerInfo = class java.util.concurrent.atomic.AtomicReference@51be3453
      serialVersionUID = "/* Could not access serialVersionUID */"
      VALUE = "/* Could not access VALUE */"
      value = "/* Could not access value */"
    _container = class java.util.concurrent.atomic.AtomicReference@686de959
      serialVersionUID = "/* Could not access serialVersionUID */"
      VALUE = "/* Could not access VALUE */"
      value = "/* Could not access value */"
    _resolvedLocation = class java.util.concurrent.atomic.AtomicReference@6f6479ff
      serialVersionUID = "/* Could not access serialVersionUID */"
      VALUE = "/* Could not access VALUE */"
      value = "/* Could not access value */"
    _handler = class com.ibm.ws.app.manager.war.internal.WARApplicationHandlerImpl@1ca80bb2
      futureMonitor = class com.ibm.ws.threading.internal.FutureMonitorImpl@31674538
      deployedAppFactory = class com.ibm.ws.app.manager.war.internal.WARDeployedAppInfoFactoryImpl@6f273838
      serialVersionUID = 4622845147410944782
      $$$tc$$$ = class com.ibm.websphere.ras.TraceComponent@6274b7c2
    _ami = class java.util.concurrent.atomic.AtomicReference@3c14a8d8
      serialVersionUID = "/* Could not access serialVersionUID */"
      VALUE = "/* Could not access VALUE */"
      value = "/* Could not access value */"
    _updateHandler = class com.ibm.ws.app.manager.internal.statemachine.ApplicationStateMachineImpl@3b34a922
      _tc = class com.ibm.websphere.ras.TraceComponent@6839a1c9
      EMPTY_FUTURE_ARRAY = interface java.util.concurrent.Future[0]
      asmSequenceNumber = class java.util.concurrent.atomic.AtomicLong@3b6ac3b3
      _qscaCounter = class java.util.concurrent.atomic.AtomicInteger@7be5703
      _failedThrowable = null
      _interruptibleLock = class com.ibm.ws.app.manager.internal.statemachine.ApplicationStateMachineImpl$2@3b1f0bde
      _interruptible = false
      _performingQueuedActions = true
      _queuedActions = class java.util.concurrent.ConcurrentLinkedQueue@211ec570
      _callbackState = class java.util.concurrent.atomic.AtomicReference@4c04fdbb
      blockAppStartingFutures = class java.util.Collections$SetFromMap@3977ad77
      waitingForAppHandlerFuture = class java.util.concurrent.atomic.AtomicReference@7a75007c
      waitingForExplicitStartFuture = class java.util.concurrent.atomic.AtomicReference@2d176f07
      startAfterFutures = class java.util.Collections$SetFromMap@4615b63b
      completionListener = class java.util.concurrent.atomic.AtomicReference@420db79b
      _notifyAppStopped = class java.util.concurrent.ConcurrentLinkedQueue@10292946
      _notifyAppStarting = class java.util.concurrent.ConcurrentLinkedQueue@6501313
      _notifyAppInstallCalled = class java.util.concurrent.ConcurrentLinkedQueue@6d1fd98c
      _notifyAppStarted = class java.util.concurrent.ConcurrentLinkedQueue@42811adb
      _notifyAppRemoved = class java.util.concurrent.ConcurrentLinkedQueue@1bbb78d4
      _stateLock = class com.ibm.ws.app.manager.internal.statemachine.ApplicationStateMachineImpl$3@1df5283b
      _internalState = class java.util.concurrent.atomic.AtomicReference@e3541b0
      _currentAction = class java.util.concurrent.atomic.AtomicReference@44a8d56f
      _rfa = class java.util.concurrent.atomic.AtomicReference@49568f6
      _appInstallInfo = class java.util.concurrent.atomic.AtomicReference@30953caf
      _update = class java.util.concurrent.atomic.AtomicBoolean@1409c3cc
      _appConfig = class java.util.concurrent.atomic.AtomicReference@16887f8f
      _nextAppConfig = class java.util.concurrent.atomic.AtomicReference@39757770
      _appContainer = class java.util.concurrent.atomic.AtomicReference@209c44b5
      _resolvedLocation = class java.util.concurrent.atomic.AtomicReference@7a51e4c9
      _handler = class java.util.concurrent.atomic.AtomicReference@2f70980b
      _asmSeqNo = 0
      _ctx = class org.eclipse.osgi.internal.framework.BundleContextImpl@7a4db200
      _locAdmin = class com.ibm.ws.kernel.service.location.internal.WsLocationAdminImpl@3d2ca462
      _futureMonitor = class com.ibm.ws.threading.internal.FutureMonitorImpl@31674538
      _artifactFactory = class com.ibm.ws.artifact.internal.ArtifactContainerFactoryService@2cd209fb
      _moduleFactory = class com.ibm.ws.adaptable.module.internal.AdaptableModuleFactoryImpl@4c3dff4c
      _executorService = class com.ibm.ws.threading.internal.ExecutorServiceImpl@30a7199a
      _scheduledExecutorService = class com.ibm.ws.threading.internal.ScheduledExecutorImpl@7fd7e69e
      _asmHelper = class com.ibm.ws.app.manager.internal.ApplicationConfigurator$NamedApplication@6bdd09ab
      _appMonitor = class com.ibm.ws.app.manager.internal.monitor.ApplicationMonitor@a552201
      _configurator = class com.ibm.ws.app.manager.internal.ApplicationConfigurator@46d7d40e
      enterStateCalled = class java.util.concurrent.atomic.AtomicBoolean@214e5380
      serialVersionUID = 4458043999335554711
      serialVersionUID = -8760483717533387753
      $$$tc$$$ = class com.ibm.websphere.ras.TraceComponent@3a49f758
    serialVersionUID = 2630639237123415755
    $$$tc$$$ = class com.ibm.websphere.ras.TraceComponent@21669560
      strings[0] = "TraceComponent[com.ibm.ws.app.manager.internal.ApplicationInstallInfo,class com.ibm.ws.app.manager.internal.ApplicationInstallInfo,[applications, app.manager],com.ibm.ws.app.manager.internal.resources.AppManagerMessages,null]"
  serialVersionUID = 5227817860647895780
  $$$tc$$$ = class com.ibm.websphere.ras.TraceComponent@5707f20d
    strings[0] = "TraceComponent[com.ibm.ws.container.service.app.deploy.internal.ApplicationInfoImpl,class com.ibm.ws.container.service.app.deploy.internal.ApplicationInfoImpl,[container.service],com.ibm.ws.container.service.resources.Messages,null]"

