------Start of DE processing------ = [10/25/22, 12:36:50:278 CDT]
Exception = java.util.NoSuchElementException
Source = com.ibm.ws.microprofile.config.cdi.ConfigCDIExtension
probeid = 151
Stack Dump = java.util.NoSuchElementException: CWMCG0015E: The property mp.messaging.connector.liberty-kafka.bootstrap.servers was not found in the configuration.
	at com.ibm.ws.microprofile.config.impl.AbstractConfig.getValue(AbstractConfig.java:150)
	at com.ibm.ws.microprofile.config.cdi.ConfigProducer.newValue(ConfigProducer.java:66)
	at com.ibm.ws.microprofile.config.cdi.ConfigCDIExtension.processConversionType(ConfigCDIExtension.java:149)
	at com.ibm.ws.microprofile.config.cdi.ConfigCDIExtension.validateConfigProperty(ConfigCDIExtension.java:100)
	at com.ibm.ws.microprofile.config.cdi.ConfigCDIExtension.processInjectionTarget(ConfigCDIExtension.java:82)
	at jdk.internal.reflect.GeneratedMethodAccessor542.invoke(Unknown Source)
	at java.base/java.lang.reflect.Method.invoke(Method.java:566)
	at org.jboss.weld.injection.StaticMethodInjectionPoint.invoke(StaticMethodInjectionPoint.java:95)
	at org.jboss.weld.injection.StaticMethodInjectionPoint.invoke(StaticMethodInjectionPoint.java:85)
	at org.jboss.weld.injection.MethodInvocationStrategy$SimpleMethodInvocationStrategy.invoke(MethodInvocationStrategy.java:168)
	at org.jboss.weld.event.ObserverMethodImpl.sendEvent(ObserverMethodImpl.java:330)
	at org.jboss.weld.event.ExtensionObserverMethodImpl.sendEvent(ExtensionObserverMethodImpl.java:123)
	at org.jboss.weld.event.ObserverMethodImpl.sendEvent(ObserverMethodImpl.java:308)
	at org.jboss.weld.event.ObserverMethodImpl.notify(ObserverMethodImpl.java:286)
	at javax.enterprise.inject.spi.ObserverMethod.notify(ObserverMethod.java:124)
	at org.jboss.weld.util.Observers.notify(Observers.java:166)
	at org.jboss.weld.event.ObserverNotifier.notifySyncObservers(ObserverNotifier.java:285)
	at org.jboss.weld.event.ObserverNotifier.notify(ObserverNotifier.java:273)
	at org.jboss.weld.event.ObserverNotifier.fireEvent(ObserverNotifier.java:177)
	at org.jboss.weld.event.ObserverNotifier.fireEvent(ObserverNotifier.java:171)
	at org.jboss.weld.bootstrap.events.AbstractContainerEvent.fire(AbstractContainerEvent.java:53)
	at org.jboss.weld.bootstrap.events.AbstractDefinitionContainerEvent.fire(AbstractDefinitionContainerEvent.java:44)
	at org.jboss.weld.bootstrap.events.AbstractProcessInjectionTarget.fire(AbstractProcessInjectionTarget.java:33)
	at org.jboss.weld.bootstrap.events.ContainerLifecycleEvents.fireProcessInjectionTarget(ContainerLifecycleEvents.java:273)
	at org.jboss.weld.bootstrap.AbstractBeanDeployer.processInjectionTargetEvents(AbstractBeanDeployer.java:140)
	at org.jboss.weld.bootstrap.BeanDeployer.processBeans(BeanDeployer.java:262)
	at org.jboss.weld.bootstrap.BeanDeployer.processClassBeanAttributes(BeanDeployer.java:244)
	at org.jboss.weld.bootstrap.WeldStartup.deployBeans(WeldStartup.java:447)
	at org.jboss.weld.bootstrap.WeldBootstrap.deployBeans(WeldBootstrap.java:86)
	at com.ibm.ws.cdi.impl.CDIContainerImpl.startInitialization(CDIContainerImpl.java:177)
	at com.ibm.ws.cdi.liberty.CDIRuntimeImpl.applicationStarting(CDIRuntimeImpl.java:488)
	at com.ibm.ws.container.service.state.internal.ApplicationStateManager.fireStarting(ApplicationStateManager.java:51)
	at com.ibm.ws.container.service.state.internal.StateChangeServiceImpl.fireApplicationStarting(StateChangeServiceImpl.java:50)
	at com.ibm.ws.app.manager.module.internal.SimpleDeployedAppInfoBase.preDeployApp(SimpleDeployedAppInfoBase.java:547)
	at com.ibm.ws.app.manager.module.internal.SimpleDeployedAppInfoBase.installApp(SimpleDeployedAppInfoBase.java:508)
	at com.ibm.ws.app.manager.module.internal.DeployedAppInfoBase.deployApp(DeployedAppInfoBase.java:349)
	at com.ibm.ws.app.manager.war.internal.WARApplicationHandlerImpl.install(WARApplicationHandlerImpl.java:65)
	at com.ibm.ws.app.manager.internal.statemachine.StartAction.execute(StartAction.java:161)
	at com.ibm.ws.app.manager.internal.statemachine.ApplicationStateMachineImpl.enterState(ApplicationStateMachineImpl.java:1357)
	at com.ibm.ws.app.manager.internal.statemachine.ApplicationStateMachineImpl.performAction(ApplicationStateMachineImpl.java:1222)
	at com.ibm.ws.app.manager.internal.statemachine.ApplicationStateMachineImpl.run(ApplicationStateMachineImpl.java:909)
	at com.ibm.ws.threading.internal.ExecutorServiceImpl$RunnableWrapper.run(ExecutorServiceImpl.java:245)
	at java.base/java.util.concurrent.ThreadPoolExecutor.runWorker(ThreadPoolExecutor.java:1128)
	at java.base/java.util.concurrent.ThreadPoolExecutor$Worker.run(ThreadPoolExecutor.java:628)
	at java.base/java.lang.Thread.run(Thread.java:829)

Dump of callerThis
Object type = com.ibm.ws.microprofile.config14.cdi.services.Config14CDIExtensionComponent
  serialVersionUID = -5453335678793243453
  $$$tc$$$ = class com.ibm.websphere.ras.TraceComponent@625673aa
    strings[0] = "TraceComponent[com.ibm.ws.microprofile.config14.cdi.services.Config14CDIExtensionComponent,class com.ibm.ws.microprofile.config14.cdi.services.Config14CDIExtensionComponent,[],null,null]"
  tc = class com.ibm.websphere.ras.TraceComponent@3f7a7329
    strings[0] = "TraceComponent[com.ibm.ws.microprofile.config14.cdi.Config14CDIExtension,class com.ibm.ws.microprofile.config14.cdi.Config14CDIExtension,[APPCONFIG],com.ibm.ws.microprofile.config.cdi.resources.ConfigCDI,null]"
  serialVersionUID = -3633596720208637475
  serialVersionUID = -581863720347459464
  $$$tc$$$ = class com.ibm.websphere.ras.TraceComponent@7e00764d
    strings[0] = "TraceComponent[com.ibm.ws.microprofile.config12.cdi.Config12CDIExtension,class com.ibm.ws.microprofile.config12.cdi.Config12CDIExtension,[APPCONFIG],com.ibm.ws.microprofile.config.cdi.resources.ConfigCDI,null]"
  tc = class com.ibm.websphere.ras.TraceComponent@58cde6f3
    strings[0] = "TraceComponent[com.ibm.ws.microprofile.config.cdi.ConfigCDIExtension,class com.ibm.ws.microprofile.config.cdi.ConfigCDIExtension,[APPCONFIG],com.ibm.ws.microprofile.config.cdi.resources.ConfigCDI,null]"
  validInjectionTypes = class java.util.HashSet@65319cc9
    serialVersionUID = "/* Could not access serialVersionUID */"
    map = "/* Could not access map */"
    PRESENT = "/* Could not access PRESENT */"
    MAX_ARRAY_SIZE = "/* Could not access MAX_ARRAY_SIZE */"
  badInjectionTypes = class java.util.HashSet@68e4bb45
    serialVersionUID = "/* Could not access serialVersionUID */"
    map = "/* Could not access map */"
    PRESENT = "/* Could not access PRESENT */"
    MAX_ARRAY_SIZE = "/* Could not access MAX_ARRAY_SIZE */"
  serialVersionUID = 6137099578362140994

Dump of objectArray[0]
Object type = java.lang.String
  String value = "mp.messaging.connector.liberty-kafka.bootstrap.servers"

Dump of objectArray[1]
Object type = java.lang.String
  String value = "org.eclipse.microprofile.config.configproperty.unconfigureddvalue"

Dump of objectArray[2]
Object type = java.lang.Class
  ANNOTATION = "/* Could not access ANNOTATION */"
  ENUM = "/* Could not access ENUM */"
  SYNTHETIC = "/* Could not access SYNTHETIC */"
  cachedConstructor = "/* Could not access cachedConstructor */"
  newInstanceCallerCache = "/* Could not access newInstanceCallerCache */"
  name = "/* Could not access name */"
  module = "/* Could not access module */"
  packageName = "/* Could not access packageName */"
  componentType = "/* Could not access componentType */"
  allPermDomain = "/* Could not access allPermDomain */"
  reflectionData = "/* Could not access reflectionData */"
  classRedefinedCount = "/* Could not access classRedefinedCount */"
  genericInfo = "/* Could not access genericInfo */"
  EMPTY_CLASS_ARRAY = "/* Could not access EMPTY_CLASS_ARRAY */"
  serialVersionUID = "/* Could not access serialVersionUID */"
  serialPersistentFields = "/* Could not access serialPersistentFields */"
  reflectionFactory = "/* Could not access reflectionFactory */"
  enumConstants = "/* Could not access enumConstants */"
  enumConstantDirectory = "/* Could not access enumConstantDirectory */"
  annotationData = "/* Could not access annotationData */"
  annotationType = "/* Could not access annotationType */"
  classValueMap = "/* Could not access classValueMap */"

Dump of objectArray[3]
Object type = com.ibm.ws.classloading.internal.AppClassLoader
  tc = class com.ibm.websphere.ras.TraceComponent@21f4bcb
    strings[0] = "TraceComponent[com.ibm.ws.classloading.internal.AppClassLoader,class com.ibm.ws.classloading.internal.AppClassLoader,[ClassLoadingService],com.ibm.ws.classloading.internal.resources.ClassLoadingServiceMessages,null]"
  forbiddenClassNames = class java.util.Collections$UnmodifiableSet@2de2f767
    serialVersionUID = "/* Could not access serialVersionUID */"
    serialVersionUID = "/* Could not access serialVersionUID */"
    c = "/* Could not access c */"
  FORBIDDEN_PROPERTIES = "forbidden.properties"
  disableSharedClassesCache = false
  PARENT_FIRST_SEARCH_ORDER = class java.util.Collections$UnmodifiableRandomAccessList@61e98c2a
    serialVersionUID = "/* Could not access serialVersionUID */"
    serialVersionUID = "/* Could not access serialVersionUID */"
    list = "/* Could not access list */"
    serialVersionUID = "/* Could not access serialVersionUID */"
    c = "/* Could not access c */"
  packagesDefined = class java.util.Collections$SetFromMap@6b16f45c
    m = "/* Could not access m */"
    s = "/* Could not access s */"
    serialVersionUID = "/* Could not access serialVersionUID */"
    MAX_ARRAY_SIZE = "/* Could not access MAX_ARRAY_SIZE */"
  CLASS_LOADING_TRACE_PREFIX = "com.ibm.ws.class.load."
  DEFAULT_PACKAGE = "default.package"
  perPackageClassLoadingTraceComponents = class java.util.concurrent.ConcurrentHashMap@51756f96
    serialVersionUID = "/* Could not access serialVersionUID */"
    MAXIMUM_CAPACITY = "/* Could not access MAXIMUM_CAPACITY */"
    DEFAULT_CAPACITY = "/* Could not access DEFAULT_CAPACITY */"
    MAX_ARRAY_SIZE = "/* Could not access MAX_ARRAY_SIZE */"
    DEFAULT_CONCURRENCY_LEVEL = "/* Could not access DEFAULT_CONCURRENCY_LEVEL */"
    LOAD_FACTOR = "/* Could not access LOAD_FACTOR */"
    TREEIFY_THRESHOLD = "/* Could not access TREEIFY_THRESHOLD */"
    UNTREEIFY_THRESHOLD = "/* Could not access UNTREEIFY_THRESHOLD */"
    MIN_TREEIFY_CAPACITY = "/* Could not access MIN_TREEIFY_CAPACITY */"
    MIN_TRANSFER_STRIDE = "/* Could not access MIN_TRANSFER_STRIDE */"
    RESIZE_STAMP_BITS = "/* Could not access RESIZE_STAMP_BITS */"
    MAX_RESIZERS = "/* Could not access MAX_RESIZERS */"
    RESIZE_STAMP_SHIFT = "/* Could not access RESIZE_STAMP_SHIFT */"
    MOVED = "/* Could not access MOVED */"
    TREEBIN = "/* Could not access TREEBIN */"
    RESERVED = "/* Could not access RESERVED */"
    HASH_BITS = "/* Could not access HASH_BITS */"
    NCPU = "/* Could not access NCPU */"
    serialPersistentFields = "/* Could not access serialPersistentFields */"
    table = "/* Could not access table */"
    nextTable = "/* Could not access nextTable */"
    baseCount = "/* Could not access baseCount */"
    sizeCtl = "/* Could not access sizeCtl */"
    transferIndex = "/* Could not access transferIndex */"
    cellsBusy = "/* Could not access cellsBusy */"
    counterCells = "/* Could not access counterCells */"
    keySet = "/* Could not access keySet */"
    values = "/* Could not access values */"
    entrySet = "/* Could not access entrySet */"
    U = "/* Could not access U */"
    SIZECTL = "/* Could not access SIZECTL */"
    TRANSFERINDEX = "/* Could not access TRANSFERINDEX */"
    BASECOUNT = "/* Could not access BASECOUNT */"
    CELLSBUSY = "/* Could not access CELLSBUSY */"
    CELLVALUE = "/* Could not access CELLVALUE */"
    ABASE = "/* Could not access ABASE */"
    ASHIFT = "/* Could not access ASHIFT */"
    keySet = "/* Could not access keySet */"
    values = "/* Could not access values */"
  config = class com.ibm.ws.classloading.internal.ClassLoaderConfigurationImpl@55a7110
    DEFAULT_PROTECTION_DOMAIN = class java.security.ProtectionDomain@a4b4c18
      filePermCompatInPD = "/* Could not access filePermCompatInPD */"
      codesource = "/* Could not access codesource */"
      classloader = "/* Could not access classloader */"
      principals = "/* Could not access principals */"
      permissions = "/* Could not access permissions */"
      hasAllPerm = "/* Could not access hasAllPerm */"
      staticPermissions = "/* Could not access staticPermissions */"
      key = "/* Could not access key */"
    delegateLast = false
    includeAppExtensions = true
    id = class com.ibm.ws.classloading.serializable.ClassLoaderIdentityImpl@432cb55b
      serialVersionUID = 1
      DOMAIN = "D"
      ID = "I"
      serialPersistentFields = class java.io.ObjectStreamField[2]
      SEPARATOR = ":"
      domain = "WebModule"
      id = "incident-service#incident-service.war"
      $$$tc$$$ = class com.ibm.websphere.ras.TraceComponent@2a027e21
    parentId = null
    sharedLibraries = class java.util.ArrayList@5afa7be7
      serialVersionUID = "/* Could not access serialVersionUID */"
      DEFAULT_CAPACITY = "/* Could not access DEFAULT_CAPACITY */"
      EMPTY_ELEMENTDATA = "/* Could not access EMPTY_ELEMENTDATA */"
      DEFAULTCAPACITY_EMPTY_ELEMENTDATA = "/* Could not access DEFAULTCAPACITY_EMPTY_ELEMENTDATA */"
      elementData = "/* Could not access elementData */"
      size = "/* Could not access size */"
      MAX_ARRAY_SIZE = "/* Could not access MAX_ARRAY_SIZE */"
      modCount = "/* Could not access modCount */"
      MAX_ARRAY_SIZE = "/* Could not access MAX_ARRAY_SIZE */"
    commonLibraries = class java.util.Collections$EmptyList@58606aec
    providers = class java.util.Collections$EmptyList@58606aec
    nativeLibraryContainers = class java.util.Collections$EmptyList@58606aec
    protectionDomain = class java.security.ProtectionDomain@9fedfce
      filePermCompatInPD = "/* Could not access filePermCompatInPD */"
      codesource = "/* Could not access codesource */"
      classloader = "/* Could not access classloader */"
      principals = "/* Could not access principals */"
      permissions = "/* Could not access permissions */"
      hasAllPerm = "/* Could not access hasAllPerm */"
      staticPermissions = "/* Could not access staticPermissions */"
      key = "/* Could not access key */"
    serialVersionUID = 9091690180200375339
    $$$tc$$$ = class com.ibm.websphere.ras.TraceComponent@1ce1abd9
      strings[0] = "TraceComponent[com.ibm.ws.classloading.internal.ClassLoaderConfigurationImpl,class com.ibm.ws.classloading.internal.ClassLoaderConfigurationImpl,[ClassLoadingService],com.ibm.ws.classloading.internal.resources.ClassLoadingServiceMessages,null]"
  privateLibraries = null
  delegateLoaders = class com.ibm.ws.classloading.internal.util.CompositeIterable@28ff254d
    iterables = class java.util.Arrays$ArrayList@2b4f9d09
      serialVersionUID = "/* Could not access serialVersionUID */"
      a = "/* Could not access a */"
      modCount = "/* Could not access modCount */"
      MAX_ARRAY_SIZE = "/* Could not access MAX_ARRAY_SIZE */"
    serialVersionUID = -1227195994638150837
    $$$tc$$$ = class com.ibm.websphere.ras.TraceComponent@5a059936
      strings[0] = "TraceComponent[com.ibm.ws.classloading.internal.util.CompositeIterable,class com.ibm.ws.classloading.internal.util.CompositeIterable,[ClassLoadingService],com.ibm.ws.classloading.internal.resources.ClassLoadingServiceMessages,null]"
  nativeLibraryFiles = class java.util.ArrayList@7497801a
    serialVersionUID = "/* Could not access serialVersionUID */"
    DEFAULT_CAPACITY = "/* Could not access DEFAULT_CAPACITY */"
    EMPTY_ELEMENTDATA = "/* Could not access EMPTY_ELEMENTDATA */"
    DEFAULTCAPACITY_EMPTY_ELEMENTDATA = "/* Could not access DEFAULTCAPACITY_EMPTY_ELEMENTDATA */"
    elementData = "/* Could not access elementData */"
    size = "/* Could not access size */"
    MAX_ARRAY_SIZE = "/* Could not access MAX_ARRAY_SIZE */"
    modCount = "/* Could not access modCount */"
    MAX_ARRAY_SIZE = "/* Could not access MAX_ARRAY_SIZE */"
  transformers = class java.util.ArrayList@e6448c1
    serialVersionUID = "/* Could not access serialVersionUID */"
    DEFAULT_CAPACITY = "/* Could not access DEFAULT_CAPACITY */"
    EMPTY_ELEMENTDATA = "/* Could not access EMPTY_ELEMENTDATA */"
    DEFAULTCAPACITY_EMPTY_ELEMENTDATA = "/* Could not access DEFAULTCAPACITY_EMPTY_ELEMENTDATA */"
    elementData = "/* Could not access elementData */"
    size = "/* Could not access size */"
    MAX_ARRAY_SIZE = "/* Could not access MAX_ARRAY_SIZE */"
    modCount = "/* Could not access modCount */"
    MAX_ARRAY_SIZE = "/* Could not access MAX_ARRAY_SIZE */"
  systemTransformers = class java.util.Collections$EmptyList@58606aec
    serialVersionUID = "/* Could not access serialVersionUID */"
    modCount = "/* Could not access modCount */"
    MAX_ARRAY_SIZE = "/* Could not access MAX_ARRAY_SIZE */"
  apiAccess = class com.ibm.ws.classloading.internal.GatewayClassLoader@37d71474
    config = class com.ibm.ws.classloading.internal.GatewayConfigurationImpl@2fee0715
      tc = class com.ibm.websphere.ras.TraceComponent@16d42275
      bundleRequirements = null
      packageImports = null
      dynamicPackageImports = class java.util.Collections$UnmodifiableRandomAccessList@5de17b35
      delegateToSystem = true
      apiTypeVisibility = class java.util.RegularEnumSet@207a3d3e
      spiVisibility = false
      appName = "incident-service"
      appVersion = null
      serialVersionUID = 2530010006499965936
    wiringMonitor = class com.ibm.ws.classloading.internal.GatewayClassLoader$1@4cc5b253
      this$0 = class com.ibm.ws.classloading.internal.GatewayClassLoader@37d71474
      serialVersionUID = -6591900154872362572
      $$$tc$$$ = class com.ibm.websphere.ras.TraceComponent@21ec5d27
    bundle = class org.eclipse.osgi.internal.framework.EquinoxBundle@56ca601f
      equinoxContainer = class org.eclipse.osgi.internal.framework.EquinoxContainer@3c8fd014
      module = class org.eclipse.osgi.internal.framework.EquinoxBundle$EquinoxModule@1163e6df
      monitor = class java.lang.Object@278b5ba
      context = class org.eclipse.osgi.internal.framework.BundleContextImpl@3e7f6706
      signedContent = null
      $SWITCH_TABLE$org$eclipse$osgi$container$Module$State = {1,2,3,4,5,6,7} /* array length = 7 */
    wiring = class org.eclipse.osgi.container.ModuleWiring@2ff0ae7e
      GET_CLASSLOADER_PERM = class java.lang.RuntimePermission@617f0f0c
      DYNAMICALLY_ADDED_IMPORT_DIRECTIVE = "x.dynamically.added"
      revision = class org.eclipse.osgi.container.ModuleRevision@1fe3e029
      capabilities = class org.eclipse.osgi.internal.container.NamespaceList@100471f
      requirements = class org.eclipse.osgi.internal.container.NamespaceList@44be965d
      substitutedPkgNames = class java.util.Collections$EmptyList@58606aec
      loader = class org.eclipse.osgi.internal.container.AtomicLazyInitializer@78f782d5
      loaderInitializer = class org.eclipse.osgi.container.ModuleWiring$LoaderInitializer@61e9e5a8
      providedWires = class org.eclipse.osgi.internal.container.NamespaceList@62526e35
      requiredWires = class org.eclipse.osgi.internal.container.NamespaceList@526e005c
      isValid = true
      dynamicMissRef = class java.util.concurrent.atomic.AtomicReference@164bd1ee
    cl = null
    bLoader = class org.eclipse.osgi.internal.loader.BundleLoader@31a6f5ee
      DEFAULT_PACKAGE = "."
      JAVA_PACKAGE = "java."
      CLASS_CONTEXT = class org.eclipse.osgi.internal.loader.BundleLoader$ClassContext@62fd743c
      FW_CLASSLOADER = class com.ibm.ws.kernel.internal.classloader.BootstrapChildFirstJarClassloader@12bb4df8
      PRE_CLASS = 1
      POST_CLASS = 2
      PRE_RESOURCE = 3
      POST_RESOURCE = 4
      PRE_RESOURCES = 5
      POST_RESOURCES = 6
      PACKAGENAME_FILTER = class java.util.regex.Pattern@1fe0b150
      wiring = class org.eclipse.osgi.container.ModuleWiring@2ff0ae7e
      container = class org.eclipse.osgi.internal.framework.EquinoxContainer@3c8fd014
      debug = class org.eclipse.osgi.internal.debug.Debug@2d80a144
      policy = null
      exportedPackages = class java.util.Collections$SynchronizedCollection@24d56c5c
      exportSources = class org.eclipse.osgi.internal.loader.BundleLoaderSources@3e2533a7
      requiredSources = class java.util.HashMap@7c685b07
      importedSources = class java.util.HashMap@54ca4f4f
      requiredBundleWires = class java.util.Collections$EmptyList@58606aec
      importsInitialized = true
      dynamicAllPackages = true
      dynamicImportPackageStems = null
      dynamicImportPackages = null
      classLoaderCreatedMonitor = class java.lang.Object@5bf26e06
      classLoaderCreated = class org.eclipse.osgi.internal.loader.EquinoxClassLoader@150b6404
      classloader = class org.eclipse.osgi.internal.loader.EquinoxClassLoader@150b6404
      parent = class com.ibm.ws.kernel.internal.classloader.BootstrapChildFirstJarClassloader@12bb4df8
      triggerClassLoaded = class java.util.concurrent.atomic.AtomicBoolean@4cddd6d4
      firstUseOfInvalidLoader = class java.util.concurrent.atomic.AtomicBoolean@72d31c2b
    resourceProviders = class com.ibm.ws.classloading.internal.CompositeResourceProvider@6eaf8a60
      lockFactory = class java.util.concurrent.locks.ReentrantReadWriteLock@177b99a
      providerMap = class com.ibm.ws.classloading.internal.util.MultiMap@5e7439f6
      serialVersionUID = -5576435894946156347
      $$$tc$$$ = class com.ibm.websphere.ras.TraceComponent@35f3abbf
    serialVersionUID = -5503641212193211983
    $$$tc$$$ = class com.ibm.websphere.ras.TraceComponent@3cc526e9
      strings[0] = "TraceComponent[com.ibm.ws.classloading.internal.GatewayClassLoader,class com.ibm.ws.classloading.internal.GatewayClassLoader,[ClassLoadingService],com.ibm.ws.classloading.internal.resources.ClassLoadingServiceMessages,null]"
    parent = "/* Could not access parent */"
    name = "/* Could not access name */"
    unnamedModule = "/* Could not access unnamedModule */"
    nameAndId = "/* Could not access nameAndId */"
    parallelLockMap = "/* Could not access parallelLockMap */"
    package2certs = "/* Could not access package2certs */"
    nocerts = "/* Could not access nocerts */"
    classes = "/* Could not access classes */"
    defaultDomain = "/* Could not access defaultDomain */"
    packages = "/* Could not access packages */"
    scl = "/* Could not access scl */"
    usr_paths = "/* Could not access usr_paths */"
    sys_paths = "/* Could not access sys_paths */"
    loadedLibraryNames = "/* Could not access loadedLibraryNames */"
    systemNativeLibraries = "/* Could not access systemNativeLibraries */"
    nativeLibraries = "/* Could not access nativeLibraries */"
    assertionLock = "/* Could not access assertionLock */"
    defaultAssertionStatus = "/* Could not access defaultAssertionStatus */"
    packageAssertionStatus = "/* Could not access packageAssertionStatus */"
    classAssertionStatus = "/* Could not access classAssertionStatus */"
    classLoaderValueMap = "/* Could not access classLoaderValueMap */"
    $assertionsDisabled = "/* Could not access $assertionsDisabled */"
  generator = class com.ibm.ws.classloading.internal.ClassGeneratorManager@964e9e0
    tc = class com.ibm.websphere.ras.TraceComponent@383eda3
      strings[0] = "TraceComponent[com.ibm.ws.classloading.internal.ClassGeneratorManager,class com.ibm.ws.classloading.internal.ClassGeneratorManager,[ClassLoadingService],com.ibm.ws.classloading.internal.resources.ClassLoadingServiceMessages,null]"
    generatorRefs = class com.ibm.wsspi.kernel.service.utils.ConcurrentServiceReferenceSet@19e7b05
      referenceName = "generators"
      contextRef = class java.util.concurrent.atomic.AtomicReference@408006ba
      elementMap = class java.util.LinkedHashMap@6e744158
      elementSet = class java.util.concurrent.ConcurrentSkipListSet@5bab05ec
      elementSetUnsorted = false
      serialVersionUID = 756240983881166148
      $$$tc$$$ = class com.ibm.websphere.ras.TraceComponent@293a6572
    serialVersionUID = 4152663586056483310
  protectionDomains = class java.util.concurrent.ConcurrentHashMap@41bb2f86
    serialVersionUID = "/* Could not access serialVersionUID */"
    MAXIMUM_CAPACITY = "/* Could not access MAXIMUM_CAPACITY */"
    DEFAULT_CAPACITY = "/* Could not access DEFAULT_CAPACITY */"
    MAX_ARRAY_SIZE = "/* Could not access MAX_ARRAY_SIZE */"
    DEFAULT_CONCURRENCY_LEVEL = "/* Could not access DEFAULT_CONCURRENCY_LEVEL */"
    LOAD_FACTOR = "/* Could not access LOAD_FACTOR */"
    TREEIFY_THRESHOLD = "/* Could not access TREEIFY_THRESHOLD */"
    UNTREEIFY_THRESHOLD = "/* Could not access UNTREEIFY_THRESHOLD */"
    MIN_TREEIFY_CAPACITY = "/* Could not access MIN_TREEIFY_CAPACITY */"
    MIN_TRANSFER_STRIDE = "/* Could not access MIN_TRANSFER_STRIDE */"
    RESIZE_STAMP_BITS = "/* Could not access RESIZE_STAMP_BITS */"
    MAX_RESIZERS = "/* Could not access MAX_RESIZERS */"
    RESIZE_STAMP_SHIFT = "/* Could not access RESIZE_STAMP_SHIFT */"
    MOVED = "/* Could not access MOVED */"
    TREEBIN = "/* Could not access TREEBIN */"
    RESERVED = "/* Could not access RESERVED */"
    HASH_BITS = "/* Could not access HASH_BITS */"
    NCPU = "/* Could not access NCPU */"
    serialPersistentFields = "/* Could not access serialPersistentFields */"
    table = "/* Could not access table */"
    nextTable = "/* Could not access nextTable */"
    baseCount = "/* Could not access baseCount */"
    sizeCtl = "/* Could not access sizeCtl */"
    transferIndex = "/* Could not access transferIndex */"
    cellsBusy = "/* Could not access cellsBusy */"
    counterCells = "/* Could not access counterCells */"
    keySet = "/* Could not access keySet */"
    values = "/* Could not access values */"
    entrySet = "/* Could not access entrySet */"
    U = "/* Could not access U */"
    SIZECTL = "/* Could not access SIZECTL */"
    TRANSFERINDEX = "/* Could not access TRANSFERINDEX */"
    BASECOUNT = "/* Could not access BASECOUNT */"
    CELLSBUSY = "/* Could not access CELLSBUSY */"
    CELLVALUE = "/* Could not access CELLVALUE */"
    ABASE = "/* Could not access ABASE */"
    ASHIFT = "/* Could not access ASHIFT */"
    keySet = "/* Could not access keySet */"
    values = "/* Could not access values */"
  hook = null
  serialVersionUID = 9086765173324157410
  checkpointPhase = class io.openliberty.checkpoint.spi.CheckpointPhase@6db54530
    FEATURES = class io.openliberty.checkpoint.spi.CheckpointPhase@19864917
      FEATURES = class io.openliberty.checkpoint.spi.CheckpointPhase@19864917
      APPLICATIONS = class io.openliberty.checkpoint.spi.CheckpointPhase@6e1fa2e4
      DEPLOYMENT = class io.openliberty.checkpoint.spi.CheckpointPhase@6fa64df0
      INACTIVE = class io.openliberty.checkpoint.spi.CheckpointPhase@6db54530
      CHECKPOINT_PROPERTY = "io.openliberty.checkpoint"
      CHECKPOINT_ACTIVE_FILTER = "(!(io.openliberty.checkpoint=INACTIVE))"
      CHECKPOINT_RESTORED_PROPERTY = "io.openliberty.checkpoint.restored"
      CONDITION_PROCESS_RUNNING_ID = "io.openliberty.process.running"
      phases = class java.util.HashMap@1d124552
      restored = false
      noMoreAddHooks = false
      singleThreadedHooks = class java.util.ArrayList@38a1b22a
      multiThreadedHooks = class java.util.ArrayList@49f350cd
      THE_PHASE = class io.openliberty.checkpoint.spi.CheckpointPhase@6db54530
      DEBUG = false
      $VALUES = class io.openliberty.checkpoint.spi.CheckpointPhase[4]
      name = "/* Could not access name */"
      ordinal = "/* Could not access ordinal */"
    APPLICATIONS = class io.openliberty.checkpoint.spi.CheckpointPhase@6e1fa2e4
      FEATURES = class io.openliberty.checkpoint.spi.CheckpointPhase@19864917
      APPLICATIONS = class io.openliberty.checkpoint.spi.CheckpointPhase@6e1fa2e4
      DEPLOYMENT = class io.openliberty.checkpoint.spi.CheckpointPhase@6fa64df0
      INACTIVE = class io.openliberty.checkpoint.spi.CheckpointPhase@6db54530
      CHECKPOINT_PROPERTY = "io.openliberty.checkpoint"
      CHECKPOINT_ACTIVE_FILTER = "(!(io.openliberty.checkpoint=INACTIVE))"
      CHECKPOINT_RESTORED_PROPERTY = "io.openliberty.checkpoint.restored"
      CONDITION_PROCESS_RUNNING_ID = "io.openliberty.process.running"
      phases = class java.util.HashMap@1d124552
      restored = false
      noMoreAddHooks = false
      singleThreadedHooks = class java.util.ArrayList@2059edde
      multiThreadedHooks = class java.util.ArrayList@3ff62ad6
      THE_PHASE = class io.openliberty.checkpoint.spi.CheckpointPhase@6db54530
      DEBUG = false
      $VALUES = class io.openliberty.checkpoint.spi.CheckpointPhase[4]
      name = "/* Could not access name */"
      ordinal = "/* Could not access ordinal */"
    DEPLOYMENT = class io.openliberty.checkpoint.spi.CheckpointPhase@6fa64df0
      FEATURES = class io.openliberty.checkpoint.spi.CheckpointPhase@19864917
      APPLICATIONS = class io.openliberty.checkpoint.spi.CheckpointPhase@6e1fa2e4
      DEPLOYMENT = class io.openliberty.checkpoint.spi.CheckpointPhase@6fa64df0
      INACTIVE = class io.openliberty.checkpoint.spi.CheckpointPhase@6db54530
      CHECKPOINT_PROPERTY = "io.openliberty.checkpoint"
      CHECKPOINT_ACTIVE_FILTER = "(!(io.openliberty.checkpoint=INACTIVE))"
      CHECKPOINT_RESTORED_PROPERTY = "io.openliberty.checkpoint.restored"
      CONDITION_PROCESS_RUNNING_ID = "io.openliberty.process.running"
      phases = class java.util.HashMap@1d124552
      restored = false
      noMoreAddHooks = false
      singleThreadedHooks = class java.util.ArrayList@3660459b
      multiThreadedHooks = class java.util.ArrayList@62220fb8
      THE_PHASE = class io.openliberty.checkpoint.spi.CheckpointPhase@6db54530
      DEBUG = false
      $VALUES = class io.openliberty.checkpoint.spi.CheckpointPhase[4]
      name = "/* Could not access name */"
      ordinal = "/* Could not access ordinal */"
    INACTIVE = class io.openliberty.checkpoint.spi.CheckpointPhase@6db54530
    CHECKPOINT_PROPERTY = "io.openliberty.checkpoint"
    CHECKPOINT_ACTIVE_FILTER = "(!(io.openliberty.checkpoint=INACTIVE))"
    CHECKPOINT_RESTORED_PROPERTY = "io.openliberty.checkpoint.restored"
    CONDITION_PROCESS_RUNNING_ID = "io.openliberty.process.running"
    phases = class java.util.HashMap@1d124552
      serialVersionUID = "/* Could not access serialVersionUID */"
      DEFAULT_INITIAL_CAPACITY = "/* Could not access DEFAULT_INITIAL_CAPACITY */"
      MAXIMUM_CAPACITY = "/* Could not access MAXIMUM_CAPACITY */"
      DEFAULT_LOAD_FACTOR = "/* Could not access DEFAULT_LOAD_FACTOR */"
      TREEIFY_THRESHOLD = "/* Could not access TREEIFY_THRESHOLD */"
      UNTREEIFY_THRESHOLD = "/* Could not access UNTREEIFY_THRESHOLD */"
      MIN_TREEIFY_CAPACITY = "/* Could not access MIN_TREEIFY_CAPACITY */"
      table = "/* Could not access table */"
      entrySet = "/* Could not access entrySet */"
      size = "/* Could not access size */"
      modCount = "/* Could not access modCount */"
      threshold = "/* Could not access threshold */"
      loadFactor = "/* Could not access loadFactor */"
      keySet = "/* Could not access keySet */"
      values = "/* Could not access values */"
    restored = true
    noMoreAddHooks = true
    singleThreadedHooks = class java.util.ArrayList@36f77916
      serialVersionUID = "/* Could not access serialVersionUID */"
      DEFAULT_CAPACITY = "/* Could not access DEFAULT_CAPACITY */"
      EMPTY_ELEMENTDATA = "/* Could not access EMPTY_ELEMENTDATA */"
      DEFAULTCAPACITY_EMPTY_ELEMENTDATA = "/* Could not access DEFAULTCAPACITY_EMPTY_ELEMENTDATA */"
      elementData = "/* Could not access elementData */"
      size = "/* Could not access size */"
      MAX_ARRAY_SIZE = "/* Could not access MAX_ARRAY_SIZE */"
      modCount = "/* Could not access modCount */"
      MAX_ARRAY_SIZE = "/* Could not access MAX_ARRAY_SIZE */"
    multiThreadedHooks = class java.util.ArrayList@256cf5ae
      serialVersionUID = "/* Could not access serialVersionUID */"
      DEFAULT_CAPACITY = "/* Could not access DEFAULT_CAPACITY */"
      EMPTY_ELEMENTDATA = "/* Could not access EMPTY_ELEMENTDATA */"
      DEFAULTCAPACITY_EMPTY_ELEMENTDATA = "/* Could not access DEFAULTCAPACITY_EMPTY_ELEMENTDATA */"
      elementData = "/* Could not access elementData */"
      size = "/* Could not access size */"
      MAX_ARRAY_SIZE = "/* Could not access MAX_ARRAY_SIZE */"
      modCount = "/* Could not access modCount */"
      MAX_ARRAY_SIZE = "/* Could not access MAX_ARRAY_SIZE */"
    THE_PHASE = class io.openliberty.checkpoint.spi.CheckpointPhase@6db54530
    DEBUG = false
    $VALUES = class io.openliberty.checkpoint.spi.CheckpointPhase[4]
      CheckpointPhase[0] = class io.openliberty.checkpoint.spi.CheckpointPhase@19864917
      CheckpointPhase[1] = class io.openliberty.checkpoint.spi.CheckpointPhase@6e1fa2e4
      CheckpointPhase[2] = class io.openliberty.checkpoint.spi.CheckpointPhase@6fa64df0
      CheckpointPhase[3] = class io.openliberty.checkpoint.spi.CheckpointPhase@6db54530
    name = "/* Could not access name */"
    ordinal = "/* Could not access ordinal */"
  tc = class com.ibm.websphere.ras.TraceComponent@6117735d
    strings[0] = "TraceComponent[com.ibm.ws.classloading.internal.ContainerClassLoader,class com.ibm.ws.classloading.internal.ContainerClassLoader,[ClassLoadingService],com.ibm.ws.classloading.internal.resources.ClassLoadingServiceMessages,null]"
  smartClassPath = class com.ibm.ws.classloading.internal.ContainerClassLoader$SmartClassPathImpl@36597560
    rwLock = class java.util.concurrent.locks.ReentrantReadWriteLock@72c8157b
      serialVersionUID = "/* Could not access serialVersionUID */"
      readerLock = "/* Could not access readerLock */"
      writerLock = "/* Could not access writerLock */"
      sync = "/* Could not access sync */"
    outstandingContainers = class java.util.concurrent.atomic.AtomicInteger@583627cd
      serialVersionUID = "/* Could not access serialVersionUID */"
      U = "/* Could not access U */"
      VALUE = "/* Could not access VALUE */"
      value = "/* Could not access value */"
      serialVersionUID = "/* Could not access serialVersionUID */"
    usePackageMap = true
    maxLastNotFound = 250
    maxLastFound = 900
    maxLastReallyNotFound = 900
    propsInUse = false
    classPath = class java.util.concurrent.CopyOnWriteArrayList@6582f3a8
      serialVersionUID = "/* Could not access serialVersionUID */"
      lock = "/* Could not access lock */"
      array = "/* Could not access array */"
    MAX_LASTNOTFOUND = 250
    lastNotFound = class java.util.concurrent.CopyOnWriteArrayList@3c42cfb
      serialVersionUID = "/* Could not access serialVersionUID */"
      lock = "/* Could not access lock */"
      array = "/* Could not access array */"
    MAX_LASTFOUND = 900
    lastFoundURL = class java.util.Collections$SynchronizedMap@31958235
      serialVersionUID = "/* Could not access serialVersionUID */"
      m = "/* Could not access m */"
      mutex = "/* Could not access mutex */"
      keySet = "/* Could not access keySet */"
      entrySet = "/* Could not access entrySet */"
      values = "/* Could not access values */"
    MAX_LASTREALLYNOTFOUND = 900
    lastReallyNotFoundURL = class java.util.Collections$SynchronizedMap@5874c385
      serialVersionUID = "/* Could not access serialVersionUID */"
      m = "/* Could not access m */"
      mutex = "/* Could not access mutex */"
      keySet = "/* Could not access keySet */"
      entrySet = "/* Could not access entrySet */"
      values = "/* Could not access values */"
    packageMap = class java.util.HashMap@2a197490
      serialVersionUID = "/* Could not access serialVersionUID */"
      DEFAULT_INITIAL_CAPACITY = "/* Could not access DEFAULT_INITIAL_CAPACITY */"
      MAXIMUM_CAPACITY = "/* Could not access MAXIMUM_CAPACITY */"
      DEFAULT_LOAD_FACTOR = "/* Could not access DEFAULT_LOAD_FACTOR */"
      TREEIFY_THRESHOLD = "/* Could not access TREEIFY_THRESHOLD */"
      UNTREEIFY_THRESHOLD = "/* Could not access UNTREEIFY_THRESHOLD */"
      MIN_TREEIFY_CAPACITY = "/* Could not access MIN_TREEIFY_CAPACITY */"
      table = "/* Could not access table */"
      entrySet = "/* Could not access entrySet */"
      size = "/* Could not access size */"
      modCount = "/* Could not access modCount */"
      threshold = "/* Could not access threshold */"
      loadFactor = "/* Could not access loadFactor */"
      keySet = "/* Could not access keySet */"
      values = "/* Could not access values */"
    containers = class java.util.Collections$SetFromMap@89836dc
      m = "/* Could not access m */"
      s = "/* Could not access s */"
      serialVersionUID = "/* Could not access serialVersionUID */"
      MAX_ARRAY_SIZE = "/* Could not access MAX_ARRAY_SIZE */"
    serialVersionUID = 1586111247084489525
    $$$tc$$$ = class com.ibm.websphere.ras.TraceComponent@3fddf962
      strings[0] = "TraceComponent[com.ibm.ws.classloading.internal.ContainerClassLoader$SmartClassPathImpl,class com.ibm.ws.classloading.internal.ContainerClassLoader$SmartClassPathImpl,[ClassLoadingService],com.ibm.ws.classloading.internal.resources.ClassLoadingServiceMessages,null]"
  nativeLibraryContainers = class java.util.ArrayList@185ca1a2
    serialVersionUID = "/* Could not access serialVersionUID */"
    DEFAULT_CAPACITY = "/* Could not access DEFAULT_CAPACITY */"
    EMPTY_ELEMENTDATA = "/* Could not access EMPTY_ELEMENTDATA */"
    DEFAULTCAPACITY_EMPTY_ELEMENTDATA = "/* Could not access DEFAULTCAPACITY_EMPTY_ELEMENTDATA */"
    elementData = "/* Could not access elementData */"
    size = "/* Could not access size */"
    MAX_ARRAY_SIZE = "/* Could not access MAX_ARRAY_SIZE */"
    modCount = "/* Could not access modCount */"
    MAX_ARRAY_SIZE = "/* Could not access MAX_ARRAY_SIZE */"
  redefiner = class com.ibm.ws.classloading.internal.util.ClassRedefiner@36a30
    tc = class com.ibm.websphere.ras.TraceComponent@4412dedb
      strings[0] = "TraceComponent[com.ibm.ws.classloading.internal.util.ClassRedefiner,class com.ibm.ws.classloading.internal.util.ClassRedefiner,[ClassLoadingService],com.ibm.ws.classloading.internal.resources.ClassLoadingServiceMessages,null]"
    LS = "
"
    inst = class com.sun.proxy.$Proxy3@7a78fe35
      m1 = class java.lang.reflect.Method@74e59509
      m7 = class java.lang.reflect.Method@3caf57cd
      m11 = class java.lang.reflect.Method@1ee64dfa
      m8 = class java.lang.reflect.Method@743e3849
      m18 = class java.lang.reflect.Method@2cabb61a
      m5 = class java.lang.reflect.Method@6afc9d7d
      m2 = class java.lang.reflect.Method@46598445
      m9 = class java.lang.reflect.Method@43a000b7
      m12 = class java.lang.reflect.Method@32ca75bf
      m16 = class java.lang.reflect.Method@3c5311ee
      m4 = class java.lang.reflect.Method@36a2d18d
      m10 = class java.lang.reflect.Method@7544ca56
      m0 = class java.lang.reflect.Method@14422ecc
      m3 = class java.lang.reflect.Method@30ba91cb
      m15 = class java.lang.reflect.Method@10b400e8
      m19 = class java.lang.reflect.Method@43f16ed2
      m6 = class java.lang.reflect.Method@46c01c2e
      m13 = class java.lang.reflect.Method@2210e9f4
      m14 = class java.lang.reflect.Method@12130e1e
      m17 = class java.lang.reflect.Method@5a5c7570
      serialVersionUID = "/* Could not access serialVersionUID */"
      constructorParams = "/* Could not access constructorParams */"
      proxyCache = "/* Could not access proxyCache */"
      h = "/* Could not access h */"
      EMPTY_CLASS_ARRAY = "/* Could not access EMPTY_CLASS_ARRAY */"
      PROXY_PACKAGE_PREFIX = "/* Could not access PROXY_PACKAGE_PREFIX */"
    serialVersionUID = 2420101865139508526
  jarProtocol = "wsjar:"
  mapCreationQueue = class java.util.concurrent.Executors$FinalizableDelegatedExecutorService@475833c5
    e = "/* Could not access e */"
  serialVersionUID = 251246017270836472
  parent = class com.ibm.ws.classloading.internal.GatewayClassLoader@37d71474
  serialVersionUID = -5610156362562585411
  $$$tc$$$ = class com.ibm.websphere.ras.TraceComponent@5ae06a07
    strings[0] = "TraceComponent[com.ibm.ws.classloading.internal.LibertyLoader,class com.ibm.ws.classloading.internal.LibertyLoader,[ClassLoadingService],com.ibm.ws.classloading.internal.resources.ClassLoadingServiceMessages,null]"
  initialized = "/* Could not access initialized */"
  pdcache = "/* Could not access pdcache */"
  parent = "/* Could not access parent */"
  name = "/* Could not access name */"
  unnamedModule = "/* Could not access unnamedModule */"
  nameAndId = "/* Could not access nameAndId */"
  parallelLockMap = "/* Could not access parallelLockMap */"
  package2certs = "/* Could not access package2certs */"
  nocerts = "/* Could not access nocerts */"
  classes = "/* Could not access classes */"
  defaultDomain = "/* Could not access defaultDomain */"
  packages = "/* Could not access packages */"
  scl = "/* Could not access scl */"
  usr_paths = "/* Could not access usr_paths */"
  sys_paths = "/* Could not access sys_paths */"
  loadedLibraryNames = "/* Could not access loadedLibraryNames */"
  systemNativeLibraries = "/* Could not access systemNativeLibraries */"
  nativeLibraries = "/* Could not access nativeLibraries */"
  assertionLock = "/* Could not access assertionLock */"
  defaultAssertionStatus = "/* Could not access defaultAssertionStatus */"
  packageAssertionStatus = "/* Could not access packageAssertionStatus */"
  classAssertionStatus = "/* Could not access classAssertionStatus */"
  classLoaderValueMap = "/* Could not access classLoaderValueMap */"
  $assertionsDisabled = "/* Could not access $assertionsDisabled */"

